  [1m[35m (479.2ms)[0m  [1m[35mCREATE DATABASE "body_shift_development" ENCODING = 'unicode'[0m
  ↳ bin/rails:9
  [1m[35m (347.2ms)[0m  [1m[35mCREATE DATABASE "body_shift_test" ENCODING = 'unicode'[0m
  ↳ bin/rails:9
  [1m[35m (79.5ms)[0m  [1m[35mCREATE TABLE "schema_migrations" ("version" character varying NOT NULL PRIMARY KEY)[0m
  ↳ bin/rails:9
  [1m[35m (10.2ms)[0m  [1m[35mCREATE TABLE "ar_internal_metadata" ("key" character varying NOT NULL PRIMARY KEY, "value" character varying, "created_at" timestamp NOT NULL, "updated_at" timestamp NOT NULL)[0m
  ↳ bin/rails:9
  [1m[35m (1.3ms)[0m  [1m[34mSELECT pg_try_advisory_lock(8147461039088795445)[0m
  ↳ bin/rails:9
  [1m[35m (0.8ms)[0m  [1m[34mSELECT "schema_migrations"."version" FROM "schema_migrations" ORDER BY "schema_migrations"."version" ASC[0m
  ↳ bin/rails:9
Migrating to CreateUsers (20190226204132)
  [1m[35m (0.1ms)[0m  [1m[35mBEGIN[0m
  ↳ bin/rails:9
  [1m[35m (19.1ms)[0m  [1m[35mCREATE TABLE "users" ("id" bigserial primary key, "name" character varying, "email" character varying, "created_at" timestamp NOT NULL, "updated_at" timestamp NOT NULL)[0m
  ↳ db/migrate/20190226204132_create_users.rb:3
  [1m[36mActiveRecord::SchemaMigration Create (2.2ms)[0m  [1m[32mINSERT INTO "schema_migrations" ("version") VALUES ($1) RETURNING "version"[0m  [["version", "20190226204132"]]
  ↳ bin/rails:9
  [1m[35m (4.7ms)[0m  [1m[35mCOMMIT[0m
  ↳ bin/rails:9
  [1m[36mActiveRecord::InternalMetadata Load (0.3ms)[0m  [1m[34mSELECT  "ar_internal_metadata".* FROM "ar_internal_metadata" WHERE "ar_internal_metadata"."key" = $1 LIMIT $2[0m  [["key", "environment"], ["LIMIT", 1]]
  ↳ bin/rails:9
  [1m[35m (0.1ms)[0m  [1m[35mBEGIN[0m
  ↳ bin/rails:9
  [1m[36mActiveRecord::InternalMetadata Create (1.5ms)[0m  [1m[32mINSERT INTO "ar_internal_metadata" ("key", "value", "created_at", "updated_at") VALUES ($1, $2, $3, $4) RETURNING "key"[0m  [["key", "environment"], ["value", "development"], ["created_at", "2019-02-26 20:42:03.452425"], ["updated_at", "2019-02-26 20:42:03.452425"]]
  ↳ bin/rails:9
  [1m[35m (4.8ms)[0m  [1m[35mCOMMIT[0m
  ↳ bin/rails:9
  [1m[35m (0.4ms)[0m  [1m[34mSELECT pg_advisory_unlock(8147461039088795445)[0m
  ↳ bin/rails:9
  [1m[35m (0.2ms)[0m  [1m[34mSELECT "schema_migrations"."version" FROM "schema_migrations" ORDER BY "schema_migrations"."version" ASC[0m
  ↳ bin/rails:9
  [1m[35m (0.3ms)[0m  [1m[34mSELECT pg_try_advisory_lock(8147461039088795445)[0m
  ↳ bin/rails:9
  [1m[35m (0.6ms)[0m  [1m[34mSELECT "schema_migrations"."version" FROM "schema_migrations" ORDER BY "schema_migrations"."version" ASC[0m
  ↳ bin/rails:9
Migrating to AddIndexToUsers (20190226205022)
  [1m[35m (0.2ms)[0m  [1m[35mBEGIN[0m
  ↳ bin/rails:9
  [1m[35m (11.5ms)[0m  [1m[35mALTER TABLE "users" ADD "email" character varying[0m
  ↳ db/migrate/20190226205022_add_index_to_users.rb:3
  [1m[35m (0.2ms)[0m  [1m[31mROLLBACK[0m
  ↳ bin/rails:9
  [1m[35m (0.2ms)[0m  [1m[34mSELECT pg_advisory_unlock(8147461039088795445)[0m
  ↳ bin/rails:9
  [1m[35m (0.3ms)[0m  [1m[34mSELECT pg_try_advisory_lock(8147461039088795445)[0m
  ↳ bin/rails:9
  [1m[35m (0.5ms)[0m  [1m[34mSELECT "schema_migrations"."version" FROM "schema_migrations" ORDER BY "schema_migrations"."version" ASC[0m
  ↳ bin/rails:9
Migrating to AddIndexToUsers (20190226205022)
  [1m[35m (0.2ms)[0m  [1m[35mBEGIN[0m
  ↳ bin/rails:9
  [1m[35m (6.4ms)[0m  [1m[35mCREATE  INDEX  "index_users_on_email" ON "users"  ("email")[0m
  ↳ db/migrate/20190226205022_add_index_to_users.rb:3
  [1m[36mActiveRecord::SchemaMigration Create (0.3ms)[0m  [1m[32mINSERT INTO "schema_migrations" ("version") VALUES ($1) RETURNING "version"[0m  [["version", "20190226205022"]]
  ↳ bin/rails:9
  [1m[35m (0.5ms)[0m  [1m[35mCOMMIT[0m
  ↳ bin/rails:9
  [1m[36mActiveRecord::InternalMetadata Load (0.9ms)[0m  [1m[34mSELECT  "ar_internal_metadata".* FROM "ar_internal_metadata" WHERE "ar_internal_metadata"."key" = $1 LIMIT $2[0m  [["key", "environment"], ["LIMIT", 1]]
  ↳ bin/rails:9
  [1m[35m (0.1ms)[0m  [1m[35mBEGIN[0m
  ↳ bin/rails:9
  [1m[35m (0.1ms)[0m  [1m[35mCOMMIT[0m
  ↳ bin/rails:9
  [1m[35m (0.2ms)[0m  [1m[34mSELECT pg_advisory_unlock(8147461039088795445)[0m
  ↳ bin/rails:9
  [1m[35m (0.2ms)[0m  [1m[34mSELECT "schema_migrations"."version" FROM "schema_migrations" ORDER BY "schema_migrations"."version" ASC[0m
  ↳ bin/rails:9
  [1m[35m (0.2ms)[0m  [1m[34mSELECT pg_try_advisory_lock(8147461039088795445)[0m
  ↳ bin/rails:9
  [1m[35m (0.6ms)[0m  [1m[34mSELECT "schema_migrations"."version" FROM "schema_migrations" ORDER BY "schema_migrations"."version" ASC[0m
  ↳ bin/rails:9
Migrating to AddPasswordDigestToUsers (20190226205434)
  [1m[35m (0.2ms)[0m  [1m[35mBEGIN[0m
  ↳ bin/rails:9
  [1m[35m (2.1ms)[0m  [1m[35mALTER TABLE "users" ADD "password_digest" character varying[0m
  ↳ db/migrate/20190226205434_add_password_digest_to_users.rb:3
  [1m[36mActiveRecord::SchemaMigration Create (0.3ms)[0m  [1m[32mINSERT INTO "schema_migrations" ("version") VALUES ($1) RETURNING "version"[0m  [["version", "20190226205434"]]
  ↳ bin/rails:9
  [1m[35m (2.8ms)[0m  [1m[35mCOMMIT[0m
  ↳ bin/rails:9
  [1m[36mActiveRecord::InternalMetadata Load (0.3ms)[0m  [1m[34mSELECT  "ar_internal_metadata".* FROM "ar_internal_metadata" WHERE "ar_internal_metadata"."key" = $1 LIMIT $2[0m  [["key", "environment"], ["LIMIT", 1]]
  ↳ bin/rails:9
  [1m[35m (0.2ms)[0m  [1m[35mBEGIN[0m
  ↳ bin/rails:9
  [1m[35m (0.1ms)[0m  [1m[35mCOMMIT[0m
  ↳ bin/rails:9
  [1m[35m (0.2ms)[0m  [1m[34mSELECT pg_advisory_unlock(8147461039088795445)[0m
  ↳ bin/rails:9
  [1m[35m (0.2ms)[0m  [1m[34mSELECT "schema_migrations"."version" FROM "schema_migrations" ORDER BY "schema_migrations"."version" ASC[0m
  ↳ bin/rails:9
  [1m[35m (0.2ms)[0m  [1m[34mSELECT pg_try_advisory_lock(8147461039088795445)[0m
  ↳ bin/rails:9
  [1m[35m (0.7ms)[0m  [1m[34mSELECT "schema_migrations"."version" FROM "schema_migrations" ORDER BY "schema_migrations"."version" ASC[0m
  ↳ bin/rails:9
Migrating to CreateMeals (20190226211701)
  [1m[35m (0.2ms)[0m  [1m[35mBEGIN[0m
  ↳ bin/rails:9
  [1m[35m (19.6ms)[0m  [1m[35mCREATE TABLE "meals" ("id" bigserial primary key, "name" character varying, "ingredients" text, "prep" integer, "cooktime" integer, "calories" integer, "created_at" timestamp NOT NULL, "updated_at" timestamp NOT NULL)[0m
  ↳ db/migrate/20190226211701_create_meals.rb:3
  [1m[36mActiveRecord::SchemaMigration Create (0.3ms)[0m  [1m[32mINSERT INTO "schema_migrations" ("version") VALUES ($1) RETURNING "version"[0m  [["version", "20190226211701"]]
  ↳ bin/rails:9
  [1m[35m (0.6ms)[0m  [1m[35mCOMMIT[0m
  ↳ bin/rails:9
  [1m[36mActiveRecord::InternalMetadata Load (0.3ms)[0m  [1m[34mSELECT  "ar_internal_metadata".* FROM "ar_internal_metadata" WHERE "ar_internal_metadata"."key" = $1 LIMIT $2[0m  [["key", "environment"], ["LIMIT", 1]]
  ↳ bin/rails:9
  [1m[35m (0.3ms)[0m  [1m[35mBEGIN[0m
  ↳ bin/rails:9
  [1m[35m (0.1ms)[0m  [1m[35mCOMMIT[0m
  ↳ bin/rails:9
  [1m[35m (0.2ms)[0m  [1m[34mSELECT pg_advisory_unlock(8147461039088795445)[0m
  ↳ bin/rails:9
  [1m[35m (0.2ms)[0m  [1m[34mSELECT "schema_migrations"."version" FROM "schema_migrations" ORDER BY "schema_migrations"."version" ASC[0m
  ↳ bin/rails:9
  [1m[35m (0.4ms)[0m  [1m[34mSELECT pg_try_advisory_lock(8147461039088795445)[0m
  ↳ bin/rails:9
  [1m[35m (0.9ms)[0m  [1m[34mSELECT "schema_migrations"."version" FROM "schema_migrations" ORDER BY "schema_migrations"."version" ASC[0m
  ↳ bin/rails:9
Migrating to CreateWorkouts (20190226212144)
  [1m[35m (0.2ms)[0m  [1m[35mBEGIN[0m
  ↳ bin/rails:9
  [1m[35m (12.9ms)[0m  [1m[35mCREATE TABLE "workouts" ("id" bigserial primary key, "type" character varying, "description" text, "duration" integer, "created_at" timestamp NOT NULL, "updated_at" timestamp NOT NULL)[0m
  ↳ db/migrate/20190226212144_create_workouts.rb:3
  [1m[36mActiveRecord::SchemaMigration Create (0.4ms)[0m  [1m[32mINSERT INTO "schema_migrations" ("version") VALUES ($1) RETURNING "version"[0m  [["version", "20190226212144"]]
  ↳ bin/rails:9
  [1m[35m (0.5ms)[0m  [1m[35mCOMMIT[0m
  ↳ bin/rails:9
  [1m[36mActiveRecord::InternalMetadata Load (0.4ms)[0m  [1m[34mSELECT  "ar_internal_metadata".* FROM "ar_internal_metadata" WHERE "ar_internal_metadata"."key" = $1 LIMIT $2[0m  [["key", "environment"], ["LIMIT", 1]]
  ↳ bin/rails:9
  [1m[35m (0.3ms)[0m  [1m[35mBEGIN[0m
  ↳ bin/rails:9
  [1m[35m (0.1ms)[0m  [1m[35mCOMMIT[0m
  ↳ bin/rails:9
  [1m[35m (0.2ms)[0m  [1m[34mSELECT pg_advisory_unlock(8147461039088795445)[0m
  ↳ bin/rails:9
  [1m[35m (0.2ms)[0m  [1m[34mSELECT "schema_migrations"."version" FROM "schema_migrations" ORDER BY "schema_migrations"."version" ASC[0m
  ↳ bin/rails:9
  [1m[35m (2.1ms)[0m  [1m[34mSELECT "schema_migrations"."version" FROM "schema_migrations" ORDER BY "schema_migrations"."version" ASC[0m
  ↳ bin/rails:9
  [1m[35m (0.2ms)[0m  [1m[35mBEGIN[0m
  ↳ db/seeds.rb:9
  [1m[36mMeal Create (17.6ms)[0m  [1m[32mINSERT INTO "meals" ("name", "ingredients", "prep", "cooktime", "calories", "created_at", "updated_at") VALUES ($1, $2, $3, $4, $5, $6, $7) RETURNING "id"[0m  [["name", "Roasted Carrots"], ["ingredients", "Carrots, Olive oil, salt"], ["prep", 10], ["cooktime", 20], ["calories", 50], ["created_at", "2019-02-27 15:35:48.610800"], ["updated_at", "2019-02-27 15:35:48.610800"]]
  ↳ db/seeds.rb:9
  [1m[35m (12.7ms)[0m  [1m[35mCOMMIT[0m
  ↳ db/seeds.rb:9
  [1m[35m (0.1ms)[0m  [1m[35mBEGIN[0m
  ↳ db/seeds.rb:9
  [1m[36mMeal Create (0.3ms)[0m  [1m[32mINSERT INTO "meals" ("name", "ingredients", "prep", "cooktime", "calories", "created_at", "updated_at") VALUES ($1, $2, $3, $4, $5, $6, $7) RETURNING "id"[0m  [["name", "Baked Salmon"], ["ingredients", "Salmon, olive oil, salt, pepper, pesto"], ["prep", 20], ["cooktime", 20], ["calories", 100], ["created_at", "2019-02-27 15:35:48.650284"], ["updated_at", "2019-02-27 15:35:48.650284"]]
  ↳ db/seeds.rb:9
  [1m[35m (0.4ms)[0m  [1m[35mCOMMIT[0m
  ↳ db/seeds.rb:9
  [1m[35m (0.1ms)[0m  [1m[35mBEGIN[0m
  ↳ db/seeds.rb:9
  [1m[36mMeal Create (0.3ms)[0m  [1m[32mINSERT INTO "meals" ("name", "ingredients", "prep", "cooktime", "calories", "created_at", "updated_at") VALUES ($1, $2, $3, $4, $5, $6, $7) RETURNING "id"[0m  [["name", "Israesli Salad"], ["ingredients", "Cucumber, tomato, red onion, salt, pepper, olive oil"], ["prep", 15], ["cooktime", 0], ["calories", 50], ["created_at", "2019-02-27 15:35:48.652555"], ["updated_at", "2019-02-27 15:35:48.652555"]]
  ↳ db/seeds.rb:9
  [1m[35m (0.5ms)[0m  [1m[35mCOMMIT[0m
  ↳ db/seeds.rb:9
  [1m[35m (0.1ms)[0m  [1m[35mBEGIN[0m
  ↳ db/seeds.rb:9
  [1m[36mMeal Create (0.3ms)[0m  [1m[32mINSERT INTO "meals" ("name", "ingredients", "prep", "cooktime", "calories", "created_at", "updated_at") VALUES ($1, $2, $3, $4, $5, $6, $7) RETURNING "id"[0m  [["name", "Rice and beans"], ["ingredients", "Brown rice, black beans, salt, pepper, cayanne, garlic powder"], ["prep", 5], ["cooktime", 30], ["calories", 200], ["created_at", "2019-02-27 15:35:48.655427"], ["updated_at", "2019-02-27 15:35:48.655427"]]
  ↳ db/seeds.rb:9
  [1m[35m (0.4ms)[0m  [1m[35mCOMMIT[0m
  ↳ db/seeds.rb:9
Started GET "/" for 127.0.0.1 at 2019-02-27 10:36:28 -0500
  [1m[35m (0.8ms)[0m  [1m[34mSELECT "schema_migrations"."version" FROM "schema_migrations" ORDER BY "schema_migrations"."version" ASC[0m
  ↳ /Library/Ruby/Gems/2.3.0/gems/activerecord-5.2.2/lib/active_record/log_subscriber.rb:98
Processing by Rails::WelcomeController#index as HTML
  Rendering /Library/Ruby/Gems/2.3.0/gems/railties-5.2.2/lib/rails/templates/rails/welcome/index.html.erb
  Rendered /Library/Ruby/Gems/2.3.0/gems/railties-5.2.2/lib/rails/templates/rails/welcome/index.html.erb (5.3ms)
Completed 200 OK in 15ms (Views: 12.0ms | ActiveRecord: 0.0ms)


Started GET "/meals" for 127.0.0.1 at 2019-02-27 10:36:33 -0500
Processing by MealsController#index as HTML
  [1m[36mMeal Load (1.6ms)[0m  [1m[34mSELECT "meals".* FROM "meals"[0m
  ↳ app/controllers/meals_controller.rb:4
Completed 200 OK in 35ms (Views: 19.3ms | ActiveRecord: 13.0ms)


Started GET "/meals" for 127.0.0.1 at 2019-02-27 10:36:42 -0500
Processing by MealsController#index as */*
  Parameters: {"title"=>"Fake Movie", "year"=>1990, "director"=>"Charlie", "plot"=>"gjaskdfjlsdfkjasldjkfld", "meal"=>{}}
  [1m[36mMeal Load (1.3ms)[0m  [1m[34mSELECT "meals".* FROM "meals"[0m
  ↳ app/controllers/meals_controller.rb:4
Completed 200 OK in 5ms (Views: 3.8ms | ActiveRecord: 1.3ms)


Started POST "/meals" for 127.0.0.1 at 2019-02-27 10:37:50 -0500
Error occurred while parsing request parameters.
Contents:

{
	"name": "Something new",
    "ingredients": "Stuff",
    "prep": 20,
    "cooktime": 40,
    "calories": 50000,
}
  
ActionDispatch::Http::Parameters::ParseError (822: unexpected token at '{
	"name": "Something new",
    "ingredients": "Stuff",
    "prep": 20,
    "cooktime": 40,
    "calories": 50000,
}'):
  
actionpack (5.2.2) lib/action_dispatch/http/parameters.rb:117:in `rescue in parse_formatted_parameters'
actionpack (5.2.2) lib/action_dispatch/http/parameters.rb:111:in `parse_formatted_parameters'
actionpack (5.2.2) lib/action_dispatch/http/request.rb:381:in `block in POST'
rack (2.0.6) lib/rack/request.rb:59:in `fetch'
rack (2.0.6) lib/rack/request.rb:59:in `fetch_header'
actionpack (5.2.2) lib/action_dispatch/http/request.rb:380:in `POST'
actionpack (5.2.2) lib/action_dispatch/http/parameters.rb:55:in `parameters'
actionpack (5.2.2) lib/action_controller/metal/params_wrapper.rb:290:in `_wrapper_enabled?'
actionpack (5.2.2) lib/action_controller/metal/params_wrapper.rb:244:in `process_action'
activerecord (5.2.2) lib/active_record/railties/controller_runtime.rb:24:in `process_action'
actionpack (5.2.2) lib/abstract_controller/base.rb:134:in `process'
actionpack (5.2.2) lib/action_controller/metal.rb:191:in `dispatch'
actionpack (5.2.2) lib/action_controller/metal.rb:252:in `dispatch'
actionpack (5.2.2) lib/action_dispatch/routing/route_set.rb:52:in `dispatch'
actionpack (5.2.2) lib/action_dispatch/routing/route_set.rb:34:in `serve'
actionpack (5.2.2) lib/action_dispatch/journey/router.rb:52:in `block in serve'
actionpack (5.2.2) lib/action_dispatch/journey/router.rb:35:in `each'
actionpack (5.2.2) lib/action_dispatch/journey/router.rb:35:in `serve'
actionpack (5.2.2) lib/action_dispatch/routing/route_set.rb:840:in `call'
rack (2.0.6) lib/rack/etag.rb:25:in `call'
rack (2.0.6) lib/rack/conditional_get.rb:38:in `call'
rack (2.0.6) lib/rack/head.rb:12:in `call'
activerecord (5.2.2) lib/active_record/migration.rb:559:in `call'
actionpack (5.2.2) lib/action_dispatch/middleware/callbacks.rb:28:in `block in call'
activesupport (5.2.2) lib/active_support/callbacks.rb:98:in `run_callbacks'
actionpack (5.2.2) lib/action_dispatch/middleware/callbacks.rb:26:in `call'
actionpack (5.2.2) lib/action_dispatch/middleware/executor.rb:14:in `call'
actionpack (5.2.2) lib/action_dispatch/middleware/debug_exceptions.rb:61:in `call'
actionpack (5.2.2) lib/action_dispatch/middleware/show_exceptions.rb:33:in `call'
railties (5.2.2) lib/rails/rack/logger.rb:38:in `call_app'
railties (5.2.2) lib/rails/rack/logger.rb:26:in `block in call'
activesupport (5.2.2) lib/active_support/tagged_logging.rb:71:in `block in tagged'
activesupport (5.2.2) lib/active_support/tagged_logging.rb:28:in `tagged'
activesupport (5.2.2) lib/active_support/tagged_logging.rb:71:in `tagged'
railties (5.2.2) lib/rails/rack/logger.rb:26:in `call'
actionpack (5.2.2) lib/action_dispatch/middleware/remote_ip.rb:81:in `call'
actionpack (5.2.2) lib/action_dispatch/middleware/request_id.rb:27:in `call'
rack (2.0.6) lib/rack/runtime.rb:22:in `call'
activesupport (5.2.2) lib/active_support/cache/strategy/local_cache_middleware.rb:29:in `call'
actionpack (5.2.2) lib/action_dispatch/middleware/executor.rb:14:in `call'
actionpack (5.2.2) lib/action_dispatch/middleware/static.rb:127:in `call'
rack (2.0.6) lib/rack/sendfile.rb:111:in `call'
railties (5.2.2) lib/rails/engine.rb:524:in `call'
puma (3.12.0) lib/puma/configuration.rb:225:in `call'
puma (3.12.0) lib/puma/server.rb:658:in `handle_request'
puma (3.12.0) lib/puma/server.rb:472:in `process_client'
puma (3.12.0) lib/puma/server.rb:332:in `block in run'
puma (3.12.0) lib/puma/thread_pool.rb:133:in `block in spawn_thread'
Started POST "/meal" for 127.0.0.1 at 2019-02-27 10:38:13 -0500
  
ActionController::RoutingError (No route matches [POST] "/meal"):
  
actionpack (5.2.2) lib/action_dispatch/middleware/debug_exceptions.rb:65:in `call'
actionpack (5.2.2) lib/action_dispatch/middleware/show_exceptions.rb:33:in `call'
railties (5.2.2) lib/rails/rack/logger.rb:38:in `call_app'
railties (5.2.2) lib/rails/rack/logger.rb:26:in `block in call'
activesupport (5.2.2) lib/active_support/tagged_logging.rb:71:in `block in tagged'
activesupport (5.2.2) lib/active_support/tagged_logging.rb:28:in `tagged'
activesupport (5.2.2) lib/active_support/tagged_logging.rb:71:in `tagged'
railties (5.2.2) lib/rails/rack/logger.rb:26:in `call'
actionpack (5.2.2) lib/action_dispatch/middleware/remote_ip.rb:81:in `call'
actionpack (5.2.2) lib/action_dispatch/middleware/request_id.rb:27:in `call'
rack (2.0.6) lib/rack/runtime.rb:22:in `call'
activesupport (5.2.2) lib/active_support/cache/strategy/local_cache_middleware.rb:29:in `call'
actionpack (5.2.2) lib/action_dispatch/middleware/executor.rb:14:in `call'
actionpack (5.2.2) lib/action_dispatch/middleware/static.rb:127:in `call'
rack (2.0.6) lib/rack/sendfile.rb:111:in `call'
railties (5.2.2) lib/rails/engine.rb:524:in `call'
puma (3.12.0) lib/puma/configuration.rb:225:in `call'
puma (3.12.0) lib/puma/server.rb:658:in `handle_request'
puma (3.12.0) lib/puma/server.rb:472:in `process_client'
puma (3.12.0) lib/puma/server.rb:332:in `block in run'
puma (3.12.0) lib/puma/thread_pool.rb:133:in `block in spawn_thread'
Error occurred while parsing request parameters.
Contents:

{
	"name": "Something new",
    "ingredients": "Stuff",
    "prep": 20,
    "cooktime": 40,
    "calories": 50000,
}
Started POST "/meal" for 127.0.0.1 at 2019-02-27 10:38:21 -0500
  
ActionController::RoutingError (No route matches [POST] "/meal"):
  
actionpack (5.2.2) lib/action_dispatch/middleware/debug_exceptions.rb:65:in `call'
actionpack (5.2.2) lib/action_dispatch/middleware/show_exceptions.rb:33:in `call'
railties (5.2.2) lib/rails/rack/logger.rb:38:in `call_app'
railties (5.2.2) lib/rails/rack/logger.rb:26:in `block in call'
activesupport (5.2.2) lib/active_support/tagged_logging.rb:71:in `block in tagged'
activesupport (5.2.2) lib/active_support/tagged_logging.rb:28:in `tagged'
activesupport (5.2.2) lib/active_support/tagged_logging.rb:71:in `tagged'
railties (5.2.2) lib/rails/rack/logger.rb:26:in `call'
actionpack (5.2.2) lib/action_dispatch/middleware/remote_ip.rb:81:in `call'
actionpack (5.2.2) lib/action_dispatch/middleware/request_id.rb:27:in `call'
rack (2.0.6) lib/rack/runtime.rb:22:in `call'
activesupport (5.2.2) lib/active_support/cache/strategy/local_cache_middleware.rb:29:in `call'
actionpack (5.2.2) lib/action_dispatch/middleware/executor.rb:14:in `call'
actionpack (5.2.2) lib/action_dispatch/middleware/static.rb:127:in `call'
rack (2.0.6) lib/rack/sendfile.rb:111:in `call'
railties (5.2.2) lib/rails/engine.rb:524:in `call'
puma (3.12.0) lib/puma/configuration.rb:225:in `call'
puma (3.12.0) lib/puma/server.rb:658:in `handle_request'
puma (3.12.0) lib/puma/server.rb:472:in `process_client'
puma (3.12.0) lib/puma/server.rb:332:in `block in run'
puma (3.12.0) lib/puma/thread_pool.rb:133:in `block in spawn_thread'
Error occurred while parsing request parameters.
Contents:

{
	"name": "Something new",
    "ingredients": "Stuff",
    "prep": 20,
    "cooktime": 40,
    "calories": 50000,
}
Started GET "/meals" for 127.0.0.1 at 2019-02-27 10:38:28 -0500
Processing by MealsController#index as HTML
  [1m[36mMeal Load (0.7ms)[0m  [1m[34mSELECT "meals".* FROM "meals"[0m
  ↳ app/controllers/meals_controller.rb:4
Completed 200 OK in 4ms (Views: 3.1ms | ActiveRecord: 0.7ms)


Started POST "/meals" for 127.0.0.1 at 2019-02-27 10:39:03 -0500
Error occurred while parsing request parameters.
Contents:

{
	"name": "Something new",
    "ingredients": "Stuff",
    "prep": 20,
    "cooktime": 40,
    "calories": 50000,
}
  
ActionDispatch::Http::Parameters::ParseError (822: unexpected token at '{
	"name": "Something new",
    "ingredients": "Stuff",
    "prep": 20,
    "cooktime": 40,
    "calories": 50000,
}'):
  
actionpack (5.2.2) lib/action_dispatch/http/parameters.rb:117:in `rescue in parse_formatted_parameters'
actionpack (5.2.2) lib/action_dispatch/http/parameters.rb:111:in `parse_formatted_parameters'
actionpack (5.2.2) lib/action_dispatch/http/request.rb:381:in `block in POST'
rack (2.0.6) lib/rack/request.rb:59:in `fetch'
rack (2.0.6) lib/rack/request.rb:59:in `fetch_header'
actionpack (5.2.2) lib/action_dispatch/http/request.rb:380:in `POST'
actionpack (5.2.2) lib/action_dispatch/http/parameters.rb:55:in `parameters'
actionpack (5.2.2) lib/action_controller/metal/params_wrapper.rb:290:in `_wrapper_enabled?'
actionpack (5.2.2) lib/action_controller/metal/params_wrapper.rb:244:in `process_action'
activerecord (5.2.2) lib/active_record/railties/controller_runtime.rb:24:in `process_action'
actionpack (5.2.2) lib/abstract_controller/base.rb:134:in `process'
actionpack (5.2.2) lib/action_controller/metal.rb:191:in `dispatch'
actionpack (5.2.2) lib/action_controller/metal.rb:252:in `dispatch'
actionpack (5.2.2) lib/action_dispatch/routing/route_set.rb:52:in `dispatch'
actionpack (5.2.2) lib/action_dispatch/routing/route_set.rb:34:in `serve'
actionpack (5.2.2) lib/action_dispatch/journey/router.rb:52:in `block in serve'
actionpack (5.2.2) lib/action_dispatch/journey/router.rb:35:in `each'
actionpack (5.2.2) lib/action_dispatch/journey/router.rb:35:in `serve'
actionpack (5.2.2) lib/action_dispatch/routing/route_set.rb:840:in `call'
rack (2.0.6) lib/rack/etag.rb:25:in `call'
rack (2.0.6) lib/rack/conditional_get.rb:38:in `call'
rack (2.0.6) lib/rack/head.rb:12:in `call'
activerecord (5.2.2) lib/active_record/migration.rb:559:in `call'
actionpack (5.2.2) lib/action_dispatch/middleware/callbacks.rb:28:in `block in call'
activesupport (5.2.2) lib/active_support/callbacks.rb:98:in `run_callbacks'
actionpack (5.2.2) lib/action_dispatch/middleware/callbacks.rb:26:in `call'
actionpack (5.2.2) lib/action_dispatch/middleware/executor.rb:14:in `call'
actionpack (5.2.2) lib/action_dispatch/middleware/debug_exceptions.rb:61:in `call'
actionpack (5.2.2) lib/action_dispatch/middleware/show_exceptions.rb:33:in `call'
railties (5.2.2) lib/rails/rack/logger.rb:38:in `call_app'
railties (5.2.2) lib/rails/rack/logger.rb:26:in `block in call'
activesupport (5.2.2) lib/active_support/tagged_logging.rb:71:in `block in tagged'
activesupport (5.2.2) lib/active_support/tagged_logging.rb:28:in `tagged'
activesupport (5.2.2) lib/active_support/tagged_logging.rb:71:in `tagged'
railties (5.2.2) lib/rails/rack/logger.rb:26:in `call'
actionpack (5.2.2) lib/action_dispatch/middleware/remote_ip.rb:81:in `call'
actionpack (5.2.2) lib/action_dispatch/middleware/request_id.rb:27:in `call'
rack (2.0.6) lib/rack/runtime.rb:22:in `call'
activesupport (5.2.2) lib/active_support/cache/strategy/local_cache_middleware.rb:29:in `call'
actionpack (5.2.2) lib/action_dispatch/middleware/executor.rb:14:in `call'
actionpack (5.2.2) lib/action_dispatch/middleware/static.rb:127:in `call'
rack (2.0.6) lib/rack/sendfile.rb:111:in `call'
railties (5.2.2) lib/rails/engine.rb:524:in `call'
puma (3.12.0) lib/puma/configuration.rb:225:in `call'
puma (3.12.0) lib/puma/server.rb:658:in `handle_request'
puma (3.12.0) lib/puma/server.rb:472:in `process_client'
puma (3.12.0) lib/puma/server.rb:332:in `block in run'
puma (3.12.0) lib/puma/thread_pool.rb:133:in `block in spawn_thread'
Started POST "/meals" for 127.0.0.1 at 2019-02-27 10:39:31 -0500
Processing by MealsController#create as */*
  Parameters: {"name"=>"Something new", "ingredients"=>"Stuff", "prep"=>20, "cooktime"=>40, "calories"=>50000, "meal"=>{"name"=>"Something new", "ingredients"=>"Stuff", "prep"=>20, "cooktime"=>40, "calories"=>50000}}
Completed 500 Internal Server Error in 2ms (Views: 0.1ms | ActiveRecord: 0.0ms)


Started POST "/meals" for 127.0.0.1 at 2019-02-27 10:40:20 -0500
Processing by MealsController#create as */*
  Parameters: {"name"=>"Something new", "ingredients"=>"Stuff", "prep"=>20, "cooktime"=>40, "calories"=>500, "meal"=>{"name"=>"Something new", "ingredients"=>"Stuff", "prep"=>20, "cooktime"=>40, "calories"=>500}}
Completed 500 Internal Server Error in 2ms (Views: 0.1ms | ActiveRecord: 0.0ms)


Started GET "/meals" for 127.0.0.1 at 2019-02-27 10:40:31 -0500
Processing by MealsController#index as HTML
  [1m[36mMeal Load (0.3ms)[0m  [1m[34mSELECT "meals".* FROM "meals"[0m
  ↳ app/controllers/meals_controller.rb:4
Completed 200 OK in 3ms (Views: 2.3ms | ActiveRecord: 0.3ms)


Started GET "/meals" for 127.0.0.1 at 2019-02-27 10:43:22 -0500
Processing by MealsController#index as */*
  Parameters: {"name"=>"Something new", "ingredients"=>"Stuff", "prep"=>20, "cooktime"=>40, "calories"=>500, "meal"=>{"name"=>"Something new", "ingredients"=>"Stuff", "prep"=>20, "cooktime"=>40, "calories"=>500}}
  [1m[36mMeal Load (1.2ms)[0m  [1m[34mSELECT "meals".* FROM "meals"[0m
  ↳ app/controllers/meals_controller.rb:4
Completed 200 OK in 3ms (Views: 2.1ms | ActiveRecord: 1.2ms)


Started POST "/meals" for 127.0.0.1 at 2019-02-27 10:43:52 -0500
Processing by MealsController#create as */*
  Parameters: {"name"=>"Something new", "ingredients"=>"Stuff", "prep"=>20, "cooktime"=>40, "calories"=>500, "meal"=>{"name"=>"Something new", "ingredients"=>"Stuff", "prep"=>20, "cooktime"=>40, "calories"=>500}}
Completed 500 Internal Server Error in 2ms (Views: 0.1ms | ActiveRecord: 0.0ms)


Started POST "/meals" for 127.0.0.1 at 2019-02-27 10:44:51 -0500
Processing by MealsController#create as */*
  Parameters: {"name"=>"Something new", "ingredients"=>"Stuff", "prep"=>20, "cooktime"=>40, "calories"=>500, "meal"=>{"name"=>"Something new", "ingredients"=>"Stuff", "prep"=>20, "cooktime"=>40, "calories"=>500}}
  [1m[35m (0.2ms)[0m  [1m[35mBEGIN[0m
  ↳ app/controllers/meals_controller.rb:20
  [1m[36mMeal Create (0.5ms)[0m  [1m[32mINSERT INTO "meals" ("name", "ingredients", "prep", "cooktime", "calories", "created_at", "updated_at") VALUES ($1, $2, $3, $4, $5, $6, $7) RETURNING "id"[0m  [["name", "Something new"], ["ingredients", "Stuff"], ["prep", 20], ["cooktime", 40], ["calories", 500], ["created_at", "2019-02-27 15:44:51.839872"], ["updated_at", "2019-02-27 15:44:51.839872"]]
  ↳ app/controllers/meals_controller.rb:20
  [1m[35m (0.4ms)[0m  [1m[35mCOMMIT[0m
  ↳ app/controllers/meals_controller.rb:20
Completed 201 Created in 16ms (Views: 0.3ms | ActiveRecord: 5.9ms)


Started GET "/meals/5" for 127.0.0.1 at 2019-02-27 10:45:15 -0500
Processing by MealsController#show as */*
  Parameters: {"name"=>"Something new", "ingredients"=>"Stuff", "prep"=>20, "cooktime"=>40, "calories"=>500, "id"=>"5", "meal"=>{"name"=>"Something new", "ingredients"=>"Stuff", "prep"=>20, "cooktime"=>40, "calories"=>500}}
  [1m[36mMeal Load (0.3ms)[0m  [1m[34mSELECT  "meals".* FROM "meals" WHERE "meals"."id" = $1 LIMIT $2[0m  [["id", 5], ["LIMIT", 1]]
  ↳ app/controllers/meals_controller.rb:9
Completed 200 OK in 10ms (Views: 0.5ms | ActiveRecord: 0.5ms)


Started GET "/meals/" for 127.0.0.1 at 2019-02-27 10:45:19 -0500
Processing by MealsController#index as */*
  Parameters: {"name"=>"Something new", "ingredients"=>"Stuff", "prep"=>20, "cooktime"=>40, "calories"=>500, "meal"=>{"name"=>"Something new", "ingredients"=>"Stuff", "prep"=>20, "cooktime"=>40, "calories"=>500}}
  [1m[36mMeal Load (0.2ms)[0m  [1m[34mSELECT "meals".* FROM "meals"[0m
  ↳ app/controllers/meals_controller.rb:4
Completed 200 OK in 2ms (Views: 1.7ms | ActiveRecord: 0.2ms)


Started PUT "/meals/5" for 127.0.0.1 at 2019-02-27 10:45:51 -0500
Processing by MealsController#update as */*
  Parameters: {"name"=>"Test", "ingredients"=>"Test", "prep"=>50, "cooktime"=>30, "calories"=>200, "id"=>"5", "meal"=>{"name"=>"Test", "ingredients"=>"Test", "prep"=>50, "cooktime"=>30, "calories"=>200}}
  [1m[36mMeal Load (0.3ms)[0m  [1m[34mSELECT  "meals".* FROM "meals" WHERE "meals"."id" = $1 LIMIT $2[0m  [["id", 5], ["LIMIT", 1]]
  ↳ app/controllers/meals_controller.rb:29
  [1m[35m (0.2ms)[0m  [1m[35mBEGIN[0m
  ↳ app/controllers/meals_controller.rb:30
  [1m[36mMeal Update (8.0ms)[0m  [1m[33mUPDATE "meals" SET "name" = $1, "ingredients" = $2, "prep" = $3, "cooktime" = $4, "calories" = $5, "updated_at" = $6 WHERE "meals"."id" = $7[0m  [["name", "Test"], ["ingredients", "Test"], ["prep", 50], ["cooktime", 30], ["calories", 200], ["updated_at", "2019-02-27 15:45:51.214886"], ["id", 5]]
  ↳ app/controllers/meals_controller.rb:30
  [1m[35m (5.6ms)[0m  [1m[35mCOMMIT[0m
  ↳ app/controllers/meals_controller.rb:30
Completed 200 OK in 19ms (Views: 0.4ms | ActiveRecord: 14.1ms)


Started GET "/meals" for 127.0.0.1 at 2019-02-27 10:46:08 -0500
Processing by MealsController#index as HTML
  [1m[36mMeal Load (0.2ms)[0m  [1m[34mSELECT "meals".* FROM "meals"[0m
  ↳ app/controllers/meals_controller.rb:4
Completed 200 OK in 2ms (Views: 1.8ms | ActiveRecord: 0.2ms)


Started DELETE "/meals/5" for 127.0.0.1 at 2019-02-27 10:46:22 -0500
Processing by MealsController#destroy as */*
  Parameters: {"name"=>"Test", "ingredients"=>"Test", "prep"=>50, "cooktime"=>30, "calories"=>200, "id"=>"5", "meal"=>{"name"=>"Test", "ingredients"=>"Test", "prep"=>50, "cooktime"=>30, "calories"=>200}}
  [1m[36mMeal Load (0.3ms)[0m  [1m[34mSELECT  "meals".* FROM "meals" WHERE "meals"."id" = $1 LIMIT $2[0m  [["id", 5], ["LIMIT", 1]]
  ↳ app/controllers/meals_controller.rb:40
  [1m[35m (0.2ms)[0m  [1m[35mBEGIN[0m
  ↳ app/controllers/meals_controller.rb:40
  [1m[36mMeal Destroy (0.3ms)[0m  [1m[31mDELETE FROM "meals" WHERE "meals"."id" = $1[0m  [["id", 5]]
  ↳ app/controllers/meals_controller.rb:40
  [1m[35m (0.5ms)[0m  [1m[35mCOMMIT[0m
  ↳ app/controllers/meals_controller.rb:40
Completed 200 OK in 4ms (Views: 0.2ms | ActiveRecord: 1.3ms)


Started GET "/meals" for 127.0.0.1 at 2019-02-27 10:46:28 -0500
Processing by MealsController#index as HTML
  [1m[36mMeal Load (0.7ms)[0m  [1m[34mSELECT "meals".* FROM "meals"[0m
  ↳ app/controllers/meals_controller.rb:4
Completed 200 OK in 4ms (Views: 2.9ms | ActiveRecord: 0.7ms)


  [1m[35m (0.5ms)[0m  [1m[34mSELECT "schema_migrations"."version" FROM "schema_migrations" ORDER BY "schema_migrations"."version" ASC[0m
  ↳ bin/rails:9
  [1m[35m (0.6ms)[0m  [1m[34mSELECT "schema_migrations"."version" FROM "schema_migrations" ORDER BY "schema_migrations"."version" ASC[0m
  ↳ bin/rails:9
  [1m[35m (0.1ms)[0m  [1m[35mBEGIN[0m
  ↳ db/seeds.rb:9
  [1m[36mMeal Create (0.5ms)[0m  [1m[32mINSERT INTO "meals" ("name", "ingredients", "prep", "cooktime", "calories", "created_at", "updated_at") VALUES ($1, $2, $3, $4, $5, $6, $7) RETURNING "id"[0m  [["name", "Roasted Carrots"], ["ingredients", "Carrots, Olive oil, salt"], ["prep", 10], ["cooktime", 20], ["calories", 50], ["created_at", "2019-02-27 15:54:07.862386"], ["updated_at", "2019-02-27 15:54:07.862386"]]
  ↳ db/seeds.rb:9
  [1m[35m (1.5ms)[0m  [1m[35mCOMMIT[0m
  ↳ db/seeds.rb:9
  [1m[35m (0.3ms)[0m  [1m[35mBEGIN[0m
  ↳ db/seeds.rb:9
  [1m[36mMeal Create (0.3ms)[0m  [1m[32mINSERT INTO "meals" ("name", "ingredients", "prep", "cooktime", "calories", "created_at", "updated_at") VALUES ($1, $2, $3, $4, $5, $6, $7) RETURNING "id"[0m  [["name", "Baked Salmon"], ["ingredients", "Salmon, olive oil, salt, pepper, pesto"], ["prep", 20], ["cooktime", 20], ["calories", 100], ["created_at", "2019-02-27 15:54:07.866274"], ["updated_at", "2019-02-27 15:54:07.866274"]]
  ↳ db/seeds.rb:9
  [1m[35m (0.4ms)[0m  [1m[35mCOMMIT[0m
  ↳ db/seeds.rb:9
  [1m[35m (0.2ms)[0m  [1m[35mBEGIN[0m
  ↳ db/seeds.rb:9
  [1m[36mMeal Create (0.2ms)[0m  [1m[32mINSERT INTO "meals" ("name", "ingredients", "prep", "cooktime", "calories", "created_at", "updated_at") VALUES ($1, $2, $3, $4, $5, $6, $7) RETURNING "id"[0m  [["name", "Israesli Salad"], ["ingredients", "Cucumber, tomato, red onion, salt, pepper, olive oil"], ["prep", 15], ["cooktime", 0], ["calories", 50], ["created_at", "2019-02-27 15:54:07.868480"], ["updated_at", "2019-02-27 15:54:07.868480"]]
  ↳ db/seeds.rb:9
  [1m[35m (0.3ms)[0m  [1m[35mCOMMIT[0m
  ↳ db/seeds.rb:9
  [1m[35m (0.1ms)[0m  [1m[35mBEGIN[0m
  ↳ db/seeds.rb:9
  [1m[36mMeal Create (0.2ms)[0m  [1m[32mINSERT INTO "meals" ("name", "ingredients", "prep", "cooktime", "calories", "created_at", "updated_at") VALUES ($1, $2, $3, $4, $5, $6, $7) RETURNING "id"[0m  [["name", "Rice and beans"], ["ingredients", "Brown rice, black beans, salt, pepper, cayanne, garlic powder"], ["prep", 5], ["cooktime", 30], ["calories", 200], ["created_at", "2019-02-27 15:54:07.870186"], ["updated_at", "2019-02-27 15:54:07.870186"]]
  ↳ db/seeds.rb:9
  [1m[35m (0.4ms)[0m  [1m[35mCOMMIT[0m
  ↳ db/seeds.rb:9
Started GET "/meals" for 127.0.0.1 at 2019-02-27 10:58:46 -0500
Processing by MealsController#index as HTML
  [1m[36mMeal Load (0.8ms)[0m  [1m[34mSELECT "meals".* FROM "meals"[0m
  ↳ app/controllers/meals_controller.rb:4
Completed 200 OK in 20ms (Views: 9.7ms | ActiveRecord: 6.8ms)


  [1m[35m (0.6ms)[0m  [1m[34mSELECT "schema_migrations"."version" FROM "schema_migrations" ORDER BY "schema_migrations"."version" ASC[0m
  ↳ bin/rails:9
  [1m[35m (0.9ms)[0m  [1m[34mSELECT "ar_internal_metadata"."value" FROM "ar_internal_metadata" WHERE "ar_internal_metadata"."key" = $1[0m  [["key", "environment"]]
  ↳ bin/rails:9
  [1m[35m (0.2ms)[0m  [1m[34mSELECT "schema_migrations"."version" FROM "schema_migrations" ORDER BY "schema_migrations"."version" ASC[0m
  ↳ bin/rails:9
  [1m[35m (0.1ms)[0m  [1m[34mSELECT "ar_internal_metadata"."value" FROM "ar_internal_metadata" WHERE "ar_internal_metadata"."key" = $1[0m  [["key", "environment"]]
  ↳ bin/rails:9
  [1m[35m (0.1ms)[0m  [1m[34mSELECT "schema_migrations"."version" FROM "schema_migrations" ORDER BY "schema_migrations"."version" ASC[0m
  ↳ bin/rails:9
  [1m[35m (0.1ms)[0m  [1m[34mSELECT "ar_internal_metadata"."value" FROM "ar_internal_metadata" WHERE "ar_internal_metadata"."key" = $1[0m  [["key", "environment"]]
  ↳ bin/rails:9
  [1m[35m (8587.9ms)[0m  [1m[35mDROP DATABASE IF EXISTS "body_shift_development"[0m
  ↳ bin/rails:9
Started GET "/meals" for 127.0.0.1 at 2019-02-27 11:00:17 -0500
Processing by MealsController#index as HTML
  [1m[36mMeal Load (0.3ms)[0m  [1m[34mSELECT "meals".* FROM "meals"[0m
  ↳ app/controllers/meals_controller.rb:4
Completed 200 OK in 3ms (Views: 2.8ms | ActiveRecord: 0.3ms)


  [1m[35m (0.8ms)[0m  [1m[34mSELECT "schema_migrations"."version" FROM "schema_migrations" ORDER BY "schema_migrations"."version" ASC[0m
  ↳ bin/rails:9
  [1m[35m (0.4ms)[0m  [1m[34mSELECT "ar_internal_metadata"."value" FROM "ar_internal_metadata" WHERE "ar_internal_metadata"."key" = $1[0m  [["key", "environment"]]
  ↳ bin/rails:9
  [1m[35m (0.2ms)[0m  [1m[34mSELECT "schema_migrations"."version" FROM "schema_migrations" ORDER BY "schema_migrations"."version" ASC[0m
  ↳ bin/rails:9
  [1m[35m (0.2ms)[0m  [1m[34mSELECT "ar_internal_metadata"."value" FROM "ar_internal_metadata" WHERE "ar_internal_metadata"."key" = $1[0m  [["key", "environment"]]
  ↳ bin/rails:9
  [1m[35m (0.2ms)[0m  [1m[34mSELECT "schema_migrations"."version" FROM "schema_migrations" ORDER BY "schema_migrations"."version" ASC[0m
  ↳ bin/rails:9
  [1m[35m (0.2ms)[0m  [1m[34mSELECT "ar_internal_metadata"."value" FROM "ar_internal_metadata" WHERE "ar_internal_metadata"."key" = $1[0m  [["key", "environment"]]
  ↳ bin/rails:9
  [1m[35m (8554.5ms)[0m  [1m[35mDROP DATABASE IF EXISTS "body_shift_development"[0m
  ↳ bin/rails:9
Started GET "/meals" for 127.0.0.1 at 2019-02-27 11:01:02 -0500
Processing by MealsController#index as HTML
  [1m[36mMeal Load (0.3ms)[0m  [1m[34mSELECT "meals".* FROM "meals"[0m
  ↳ app/controllers/meals_controller.rb:4
Completed 200 OK in 4ms (Views: 3.1ms | ActiveRecord: 0.3ms)


Started GET "/meals" for 127.0.0.1 at 2019-02-27 11:05:19 -0500
  [1m[35m (0.7ms)[0m  [1m[34mSELECT "schema_migrations"."version" FROM "schema_migrations" ORDER BY "schema_migrations"."version" ASC[0m
  ↳ /Library/Ruby/Gems/2.3.0/gems/activerecord-5.2.2/lib/active_record/log_subscriber.rb:98
Processing by MealsController#index as HTML
  [1m[36mMeal Load (0.8ms)[0m  [1m[34mSELECT "meals".* FROM "meals"[0m
  ↳ app/controllers/meals_controller.rb:4
Completed 200 OK in 25ms (Views: 16.9ms | ActiveRecord: 5.1ms)


  [1m[35m (0.4ms)[0m  [1m[34mSELECT "schema_migrations"."version" FROM "schema_migrations" ORDER BY "schema_migrations"."version" ASC[0m
  ↳ bin/rails:9
  [1m[35m (0.3ms)[0m  [1m[34mSELECT "ar_internal_metadata"."value" FROM "ar_internal_metadata" WHERE "ar_internal_metadata"."key" = $1[0m  [["key", "environment"]]
  ↳ bin/rails:9
  [1m[35m (0.2ms)[0m  [1m[34mSELECT "schema_migrations"."version" FROM "schema_migrations" ORDER BY "schema_migrations"."version" ASC[0m
  ↳ bin/rails:9
  [1m[35m (0.1ms)[0m  [1m[34mSELECT "ar_internal_metadata"."value" FROM "ar_internal_metadata" WHERE "ar_internal_metadata"."key" = $1[0m  [["key", "environment"]]
  ↳ bin/rails:9
  [1m[35m (0.2ms)[0m  [1m[34mSELECT "schema_migrations"."version" FROM "schema_migrations" ORDER BY "schema_migrations"."version" ASC[0m
  ↳ bin/rails:9
  [1m[35m (0.1ms)[0m  [1m[34mSELECT "ar_internal_metadata"."value" FROM "ar_internal_metadata" WHERE "ar_internal_metadata"."key" = $1[0m  [["key", "environment"]]
  ↳ bin/rails:9
  [1m[35m (8566.0ms)[0m  [1m[35mDROP DATABASE IF EXISTS "body_shift_development"[0m
  ↳ bin/rails:9
Started GET "/meals" for 127.0.0.1 at 2019-02-27 11:17:26 -0500
Processing by MealsController#index as HTML
  [1m[36mMeal Load (4.1ms)[0m  [1m[34mSELECT "meals".* FROM "meals"[0m
  ↳ app/controllers/meals_controller.rb:4
Completed 200 OK in 45ms (Views: 25.9ms | ActiveRecord: 15.2ms)


  [1m[35m (3.7ms)[0m  [1m[34mSELECT "schema_migrations"."version" FROM "schema_migrations" ORDER BY "schema_migrations"."version" ASC[0m
  ↳ bin/rails:9
  [1m[35m (0.2ms)[0m  [1m[35mBEGIN[0m
  ↳ db/seeds.rb:9
  [1m[36mMeal Create (3.0ms)[0m  [1m[32mINSERT INTO "meals" ("name", "ingredients", "prep", "cooktime", "calories", "created_at", "updated_at") VALUES ($1, $2, $3, $4, $5, $6, $7) RETURNING "id"[0m  [["name", "Roasted Carrots"], ["ingredients", "Carrots, Olive oil, salt"], ["prep", 10], ["cooktime", 20], ["calories", 50], ["created_at", "2019-02-27 16:18:03.337697"], ["updated_at", "2019-02-27 16:18:03.337697"]]
  ↳ db/seeds.rb:9
  [1m[35m (0.4ms)[0m  [1m[35mCOMMIT[0m
  ↳ db/seeds.rb:9
  [1m[35m (0.1ms)[0m  [1m[35mBEGIN[0m
  ↳ db/seeds.rb:9
  [1m[36mMeal Create (0.2ms)[0m  [1m[32mINSERT INTO "meals" ("name", "ingredients", "prep", "cooktime", "calories", "created_at", "updated_at") VALUES ($1, $2, $3, $4, $5, $6, $7) RETURNING "id"[0m  [["name", "Baked Salmon"], ["ingredients", "Salmon, olive oil, salt, pepper, pesto"], ["prep", 20], ["cooktime", 20], ["calories", 100], ["created_at", "2019-02-27 16:18:03.343181"], ["updated_at", "2019-02-27 16:18:03.343181"]]
  ↳ db/seeds.rb:9
  [1m[35m (0.4ms)[0m  [1m[35mCOMMIT[0m
  ↳ db/seeds.rb:9
  [1m[35m (0.1ms)[0m  [1m[35mBEGIN[0m
  ↳ db/seeds.rb:9
  [1m[36mMeal Create (0.3ms)[0m  [1m[32mINSERT INTO "meals" ("name", "ingredients", "prep", "cooktime", "calories", "created_at", "updated_at") VALUES ($1, $2, $3, $4, $5, $6, $7) RETURNING "id"[0m  [["name", "Israesli Salad"], ["ingredients", "Cucumber, tomato, red onion, salt, pepper, olive oil"], ["prep", 15], ["cooktime", 0], ["calories", 50], ["created_at", "2019-02-27 16:18:03.345204"], ["updated_at", "2019-02-27 16:18:03.345204"]]
  ↳ db/seeds.rb:9
  [1m[35m (0.3ms)[0m  [1m[35mCOMMIT[0m
  ↳ db/seeds.rb:9
  [1m[35m (0.1ms)[0m  [1m[35mBEGIN[0m
  ↳ db/seeds.rb:9
  [1m[36mMeal Create (0.3ms)[0m  [1m[32mINSERT INTO "meals" ("name", "ingredients", "prep", "cooktime", "calories", "created_at", "updated_at") VALUES ($1, $2, $3, $4, $5, $6, $7) RETURNING "id"[0m  [["name", "Rice and beans"], ["ingredients", "Brown rice, black beans, salt, pepper, cayanne, garlic powder"], ["prep", 5], ["cooktime", 30], ["calories", 200], ["created_at", "2019-02-27 16:18:03.347401"], ["updated_at", "2019-02-27 16:18:03.347401"]]
  ↳ db/seeds.rb:9
  [1m[35m (0.4ms)[0m  [1m[35mCOMMIT[0m
  ↳ db/seeds.rb:9
Started GET "/meals" for 127.0.0.1 at 2019-02-27 11:20:24 -0500
Processing by MealsController#index as HTML
  [1m[36mMeal Load (0.4ms)[0m  [1m[34mSELECT "meals".* FROM "meals"[0m
  ↳ app/controllers/meals_controller.rb:4
Completed 200 OK in 22ms (Views: 13.6ms | ActiveRecord: 5.7ms)


  [1m[35m (0.4ms)[0m  [1m[34mSELECT "schema_migrations"."version" FROM "schema_migrations" ORDER BY "schema_migrations"."version" ASC[0m
  ↳ bin/rails:9
  [1m[35m (0.2ms)[0m  [1m[35mBEGIN[0m
  ↳ db/seeds.rb:9
  [1m[36mMeal Create (0.5ms)[0m  [1m[32mINSERT INTO "meals" ("name", "ingredients", "prep", "cooktime", "calories", "created_at", "updated_at") VALUES ($1, $2, $3, $4, $5, $6, $7) RETURNING "id"[0m  [["name", "Roasted Carrots"], ["ingredients", "Carrots, Olive oil, salt"], ["prep", 10], ["cooktime", 20], ["calories", 50], ["created_at", "2019-02-27 16:20:40.235101"], ["updated_at", "2019-02-27 16:20:40.235101"]]
  ↳ db/seeds.rb:9
  [1m[35m (3.4ms)[0m  [1m[35mCOMMIT[0m
  ↳ db/seeds.rb:9
  [1m[35m (0.1ms)[0m  [1m[35mBEGIN[0m
  ↳ db/seeds.rb:9
  [1m[36mMeal Create (0.2ms)[0m  [1m[32mINSERT INTO "meals" ("name", "ingredients", "prep", "cooktime", "calories", "created_at", "updated_at") VALUES ($1, $2, $3, $4, $5, $6, $7) RETURNING "id"[0m  [["name", "Baked Salmon"], ["ingredients", "Salmon, olive oil, salt, pepper, pesto"], ["prep", 20], ["cooktime", 20], ["calories", 100], ["created_at", "2019-02-27 16:20:40.241316"], ["updated_at", "2019-02-27 16:20:40.241316"]]
  ↳ db/seeds.rb:9
  [1m[35m (4.5ms)[0m  [1m[35mCOMMIT[0m
  ↳ db/seeds.rb:9
  [1m[35m (0.2ms)[0m  [1m[35mBEGIN[0m
  ↳ db/seeds.rb:9
  [1m[36mMeal Create (0.4ms)[0m  [1m[32mINSERT INTO "meals" ("name", "ingredients", "prep", "cooktime", "calories", "created_at", "updated_at") VALUES ($1, $2, $3, $4, $5, $6, $7) RETURNING "id"[0m  [["name", "Israesli Salad"], ["ingredients", "Cucumber, tomato, red onion, salt, pepper, olive oil"], ["prep", 15], ["cooktime", 0], ["calories", 50], ["created_at", "2019-02-27 16:20:40.248527"], ["updated_at", "2019-02-27 16:20:40.248527"]]
  ↳ db/seeds.rb:9
  [1m[35m (0.5ms)[0m  [1m[35mCOMMIT[0m
  ↳ db/seeds.rb:9
  [1m[35m (0.1ms)[0m  [1m[35mBEGIN[0m
  ↳ db/seeds.rb:9
  [1m[36mMeal Create (0.3ms)[0m  [1m[32mINSERT INTO "meals" ("name", "ingredients", "prep", "cooktime", "calories", "created_at", "updated_at") VALUES ($1, $2, $3, $4, $5, $6, $7) RETURNING "id"[0m  [["name", "Rice and beans"], ["ingredients", "Brown rice, black beans, salt, pepper, cayanne, garlic powder"], ["prep", 5], ["cooktime", 30], ["calories", 200], ["created_at", "2019-02-27 16:20:40.251239"], ["updated_at", "2019-02-27 16:20:40.251239"]]
  ↳ db/seeds.rb:9
  [1m[35m (0.5ms)[0m  [1m[35mCOMMIT[0m
  ↳ db/seeds.rb:9
  [1m[35m (0.4ms)[0m  [1m[34mSELECT "schema_migrations"."version" FROM "schema_migrations" ORDER BY "schema_migrations"."version" ASC[0m
  ↳ bin/rails:9
  [1m[35m (0.1ms)[0m  [1m[35mBEGIN[0m
  ↳ db/seeds.rb:9
  [1m[36mMeal Create (0.5ms)[0m  [1m[32mINSERT INTO "meals" ("name", "ingredients", "prep", "cooktime", "calories", "created_at", "updated_at") VALUES ($1, $2, $3, $4, $5, $6, $7) RETURNING "id"[0m  [["name", "Roasted Carrots"], ["ingredients", "Carrots, Olive oil, salt"], ["prep", 10], ["cooktime", 20], ["calories", 50], ["created_at", "2019-02-27 16:21:23.415623"], ["updated_at", "2019-02-27 16:21:23.415623"]]
  ↳ db/seeds.rb:9
  [1m[35m (0.5ms)[0m  [1m[35mCOMMIT[0m
  ↳ db/seeds.rb:9
  [1m[35m (0.1ms)[0m  [1m[35mBEGIN[0m
  ↳ db/seeds.rb:9
  [1m[36mMeal Create (0.3ms)[0m  [1m[32mINSERT INTO "meals" ("name", "ingredients", "prep", "cooktime", "calories", "created_at", "updated_at") VALUES ($1, $2, $3, $4, $5, $6, $7) RETURNING "id"[0m  [["name", "Baked Salmon"], ["ingredients", "Salmon, olive oil, salt, pepper, pesto"], ["prep", 20], ["cooktime", 20], ["calories", 100], ["created_at", "2019-02-27 16:21:23.418294"], ["updated_at", "2019-02-27 16:21:23.418294"]]
  ↳ db/seeds.rb:9
  [1m[35m (0.3ms)[0m  [1m[35mCOMMIT[0m
  ↳ db/seeds.rb:9
  [1m[35m (0.1ms)[0m  [1m[35mBEGIN[0m
  ↳ db/seeds.rb:9
  [1m[36mMeal Create (0.3ms)[0m  [1m[32mINSERT INTO "meals" ("name", "ingredients", "prep", "cooktime", "calories", "created_at", "updated_at") VALUES ($1, $2, $3, $4, $5, $6, $7) RETURNING "id"[0m  [["name", "Israesli Salad"], ["ingredients", "Cucumber, tomato, red onion, salt, pepper, olive oil"], ["prep", 15], ["cooktime", 0], ["calories", 50], ["created_at", "2019-02-27 16:21:23.420247"], ["updated_at", "2019-02-27 16:21:23.420247"]]
  ↳ db/seeds.rb:9
  [1m[35m (0.4ms)[0m  [1m[35mCOMMIT[0m
  ↳ db/seeds.rb:9
  [1m[35m (0.1ms)[0m  [1m[35mBEGIN[0m
  ↳ db/seeds.rb:9
  [1m[36mMeal Create (0.3ms)[0m  [1m[32mINSERT INTO "meals" ("name", "ingredients", "prep", "cooktime", "calories", "created_at", "updated_at") VALUES ($1, $2, $3, $4, $5, $6, $7) RETURNING "id"[0m  [["name", "Rice and beans"], ["ingredients", "Brown rice, black beans, salt, pepper, cayanne, garlic powder"], ["prep", 5], ["cooktime", 30], ["calories", 200], ["created_at", "2019-02-27 16:21:23.422326"], ["updated_at", "2019-02-27 16:21:23.422326"]]
  ↳ db/seeds.rb:9
  [1m[35m (0.4ms)[0m  [1m[35mCOMMIT[0m
  ↳ db/seeds.rb:9
  [1m[35m (1.0ms)[0m  [1m[34mSELECT pg_try_advisory_lock(8147461039088795445)[0m
  ↳ bin/rails:9
  [1m[35m (0.7ms)[0m  [1m[34mSELECT "schema_migrations"."version" FROM "schema_migrations" ORDER BY "schema_migrations"."version" ASC[0m
  ↳ bin/rails:9
  [1m[36mActiveRecord::InternalMetadata Load (1.8ms)[0m  [1m[34mSELECT  "ar_internal_metadata".* FROM "ar_internal_metadata" WHERE "ar_internal_metadata"."key" = $1 LIMIT $2[0m  [["key", "environment"], ["LIMIT", 1]]
  ↳ bin/rails:9
  [1m[35m (0.2ms)[0m  [1m[35mBEGIN[0m
  ↳ bin/rails:9
  [1m[35m (0.1ms)[0m  [1m[35mCOMMIT[0m
  ↳ bin/rails:9
  [1m[35m (0.3ms)[0m  [1m[34mSELECT pg_advisory_unlock(8147461039088795445)[0m
  ↳ bin/rails:9
  [1m[35m (0.2ms)[0m  [1m[34mSELECT "schema_migrations"."version" FROM "schema_migrations" ORDER BY "schema_migrations"."version" ASC[0m
  ↳ bin/rails:9
  [1m[35m (0.5ms)[0m  [1m[34mSELECT "schema_migrations"."version" FROM "schema_migrations" ORDER BY "schema_migrations"."version" ASC[0m
  ↳ bin/rails:9
  [1m[35m (0.2ms)[0m  [1m[35mBEGIN[0m
  ↳ db/seeds.rb:9
  [1m[36mMeal Create (0.7ms)[0m  [1m[32mINSERT INTO "meals" ("name", "ingredients", "prep", "cooktime", "calories", "created_at", "updated_at") VALUES ($1, $2, $3, $4, $5, $6, $7) RETURNING "id"[0m  [["name", "Roasted Carrots"], ["ingredients", "Carrots, Olive oil, salt"], ["prep", 10], ["cooktime", 20], ["calories", 50], ["created_at", "2019-02-27 16:22:16.711413"], ["updated_at", "2019-02-27 16:22:16.711413"]]
  ↳ db/seeds.rb:9
  [1m[35m (0.6ms)[0m  [1m[35mCOMMIT[0m
  ↳ db/seeds.rb:9
  [1m[35m (0.1ms)[0m  [1m[35mBEGIN[0m
  ↳ db/seeds.rb:9
  [1m[36mMeal Create (0.2ms)[0m  [1m[32mINSERT INTO "meals" ("name", "ingredients", "prep", "cooktime", "calories", "created_at", "updated_at") VALUES ($1, $2, $3, $4, $5, $6, $7) RETURNING "id"[0m  [["name", "Baked Salmon"], ["ingredients", "Salmon, olive oil, salt, pepper, pesto"], ["prep", 20], ["cooktime", 20], ["calories", 100], ["created_at", "2019-02-27 16:22:16.714517"], ["updated_at", "2019-02-27 16:22:16.714517"]]
  ↳ db/seeds.rb:9
  [1m[35m (0.4ms)[0m  [1m[35mCOMMIT[0m
  ↳ db/seeds.rb:9
  [1m[35m (0.1ms)[0m  [1m[35mBEGIN[0m
  ↳ db/seeds.rb:9
  [1m[36mMeal Create (0.3ms)[0m  [1m[32mINSERT INTO "meals" ("name", "ingredients", "prep", "cooktime", "calories", "created_at", "updated_at") VALUES ($1, $2, $3, $4, $5, $6, $7) RETURNING "id"[0m  [["name", "Israesli Salad"], ["ingredients", "Cucumber, tomato, red onion, salt, pepper, olive oil"], ["prep", 15], ["cooktime", 0], ["calories", 50], ["created_at", "2019-02-27 16:22:16.716437"], ["updated_at", "2019-02-27 16:22:16.716437"]]
  ↳ db/seeds.rb:9
  [1m[35m (0.4ms)[0m  [1m[35mCOMMIT[0m
  ↳ db/seeds.rb:9
  [1m[35m (0.2ms)[0m  [1m[35mBEGIN[0m
  ↳ db/seeds.rb:9
  [1m[36mMeal Create (0.2ms)[0m  [1m[32mINSERT INTO "meals" ("name", "ingredients", "prep", "cooktime", "calories", "created_at", "updated_at") VALUES ($1, $2, $3, $4, $5, $6, $7) RETURNING "id"[0m  [["name", "Rice and beans"], ["ingredients", "Brown rice, black beans, salt, pepper, cayanne, garlic powder"], ["prep", 5], ["cooktime", 30], ["calories", 200], ["created_at", "2019-02-27 16:22:16.718683"], ["updated_at", "2019-02-27 16:22:16.718683"]]
  ↳ db/seeds.rb:9
  [1m[35m (0.5ms)[0m  [1m[35mCOMMIT[0m
  ↳ db/seeds.rb:9
  [1m[35m (0.6ms)[0m  [1m[34mSELECT "schema_migrations"."version" FROM "schema_migrations" ORDER BY "schema_migrations"."version" ASC[0m
  ↳ bin/rails:9
  [1m[35m (0.3ms)[0m  [1m[34mSELECT "ar_internal_metadata"."value" FROM "ar_internal_metadata" WHERE "ar_internal_metadata"."key" = $1[0m  [["key", "environment"]]
  ↳ bin/rails:9
  [1m[35m (0.4ms)[0m  [1m[34mSELECT "schema_migrations"."version" FROM "schema_migrations" ORDER BY "schema_migrations"."version" ASC[0m
  ↳ bin/rails:9
  [1m[35m (0.2ms)[0m  [1m[34mSELECT "ar_internal_metadata"."value" FROM "ar_internal_metadata" WHERE "ar_internal_metadata"."key" = $1[0m  [["key", "environment"]]
  ↳ bin/rails:9
  [1m[35m (0.2ms)[0m  [1m[34mSELECT "schema_migrations"."version" FROM "schema_migrations" ORDER BY "schema_migrations"."version" ASC[0m
  ↳ bin/rails:9
  [1m[35m (0.1ms)[0m  [1m[34mSELECT "ar_internal_metadata"."value" FROM "ar_internal_metadata" WHERE "ar_internal_metadata"."key" = $1[0m  [["key", "environment"]]
  ↳ bin/rails:9
  [1m[35m (8591.3ms)[0m  [1m[35mDROP DATABASE IF EXISTS "body_shift_development"[0m
  ↳ bin/rails:9
Started GET "/meals" for 127.0.0.1 at 2019-02-27 11:24:54 -0500
  [1m[35m (2.4ms)[0m  [1m[34mSELECT "schema_migrations"."version" FROM "schema_migrations" ORDER BY "schema_migrations"."version" ASC[0m
  ↳ /Library/Ruby/Gems/2.3.0/gems/activerecord-5.2.2/lib/active_record/log_subscriber.rb:98
Processing by MealsController#index as HTML
  [1m[36mMeal Load (2.3ms)[0m  [1m[34mSELECT "meals".* FROM "meals"[0m
  ↳ app/controllers/meals_controller.rb:4
Completed 200 OK in 33ms (Views: 12.1ms | ActiveRecord: 18.7ms)


  [1m[35m (0.5ms)[0m  [1m[34mSELECT pg_try_advisory_lock(8147461039088795445)[0m
  ↳ bin/rails:9
  [1m[35m (0.6ms)[0m  [1m[34mSELECT "schema_migrations"."version" FROM "schema_migrations" ORDER BY "schema_migrations"."version" ASC[0m
  ↳ bin/rails:9
  [1m[36mActiveRecord::InternalMetadata Load (2.0ms)[0m  [1m[34mSELECT  "ar_internal_metadata".* FROM "ar_internal_metadata" WHERE "ar_internal_metadata"."key" = $1 LIMIT $2[0m  [["key", "environment"], ["LIMIT", 1]]
  ↳ bin/rails:9
  [1m[35m (0.2ms)[0m  [1m[35mBEGIN[0m
  ↳ bin/rails:9
  [1m[35m (0.2ms)[0m  [1m[35mCOMMIT[0m
  ↳ bin/rails:9
  [1m[35m (0.2ms)[0m  [1m[34mSELECT pg_advisory_unlock(8147461039088795445)[0m
  ↳ bin/rails:9
  [1m[35m (0.2ms)[0m  [1m[34mSELECT "schema_migrations"."version" FROM "schema_migrations" ORDER BY "schema_migrations"."version" ASC[0m
  ↳ bin/rails:9
Started GET "/" for 127.0.0.1 at 2019-02-27 11:25:38 -0500
Processing by Rails::WelcomeController#index as HTML
  Rendering /Library/Ruby/Gems/2.3.0/gems/railties-5.2.2/lib/rails/templates/rails/welcome/index.html.erb
  Rendered /Library/Ruby/Gems/2.3.0/gems/railties-5.2.2/lib/rails/templates/rails/welcome/index.html.erb (6.1ms)
Completed 200 OK in 17ms (Views: 13.0ms | ActiveRecord: 0.0ms)


Started GET "/workouts" for 127.0.0.1 at 2019-02-27 11:25:41 -0500
  
SyntaxError (/Users/charlie/ga/project_4/body_shift/app/controllers/workouts_controller.rb:51: syntax error, unexpected ',', expecting keyword_end
    render json; {message: "internal server error"}, status: 500
                                                    ^):
  
app/controllers/workouts_controller.rb:51: syntax error, unexpected ',', expecting keyword_end
Started GET "/meals" for 127.0.0.1 at 2019-02-27 11:26:04 -0500
Processing by MealsController#index as HTML
  [1m[36mMeal Load (0.3ms)[0m  [1m[34mSELECT "meals".* FROM "meals"[0m
  ↳ app/controllers/meals_controller.rb:4
Completed 200 OK in 29ms (Views: 21.9ms | ActiveRecord: 3.8ms)


  [1m[35m (0.6ms)[0m  [1m[34mSELECT "schema_migrations"."version" FROM "schema_migrations" ORDER BY "schema_migrations"."version" ASC[0m
  ↳ bin/rails:9
  [1m[35m (0.1ms)[0m  [1m[35mBEGIN[0m
  ↳ db/seeds.rb:9
  [1m[36mMeal Create (2.1ms)[0m  [1m[32mINSERT INTO "meals" ("name", "ingredients", "prep", "cooktime", "calories", "created_at", "updated_at") VALUES ($1, $2, $3, $4, $5, $6, $7) RETURNING "id"[0m  [["name", "Roasted Carrots"], ["ingredients", "Carrots, Olive oil, salt"], ["prep", 10], ["cooktime", 20], ["calories", 50], ["created_at", "2019-02-27 16:26:45.342556"], ["updated_at", "2019-02-27 16:26:45.342556"]]
  ↳ db/seeds.rb:9
  [1m[35m (0.6ms)[0m  [1m[35mCOMMIT[0m
  ↳ db/seeds.rb:9
  [1m[35m (0.2ms)[0m  [1m[35mBEGIN[0m
  ↳ db/seeds.rb:9
  [1m[36mMeal Create (0.3ms)[0m  [1m[32mINSERT INTO "meals" ("name", "ingredients", "prep", "cooktime", "calories", "created_at", "updated_at") VALUES ($1, $2, $3, $4, $5, $6, $7) RETURNING "id"[0m  [["name", "Baked Salmon"], ["ingredients", "Salmon, olive oil, salt, pepper, pesto"], ["prep", 20], ["cooktime", 20], ["calories", 100], ["created_at", "2019-02-27 16:26:45.347458"], ["updated_at", "2019-02-27 16:26:45.347458"]]
  ↳ db/seeds.rb:9
  [1m[35m (0.3ms)[0m  [1m[35mCOMMIT[0m
  ↳ db/seeds.rb:9
  [1m[35m (0.1ms)[0m  [1m[35mBEGIN[0m
  ↳ db/seeds.rb:9
  [1m[36mMeal Create (0.2ms)[0m  [1m[32mINSERT INTO "meals" ("name", "ingredients", "prep", "cooktime", "calories", "created_at", "updated_at") VALUES ($1, $2, $3, $4, $5, $6, $7) RETURNING "id"[0m  [["name", "Israesli Salad"], ["ingredients", "Cucumber, tomato, red onion, salt, pepper, olive oil"], ["prep", 15], ["cooktime", 0], ["calories", 50], ["created_at", "2019-02-27 16:26:45.349238"], ["updated_at", "2019-02-27 16:26:45.349238"]]
  ↳ db/seeds.rb:9
  [1m[35m (0.4ms)[0m  [1m[35mCOMMIT[0m
  ↳ db/seeds.rb:9
  [1m[35m (0.1ms)[0m  [1m[35mBEGIN[0m
  ↳ db/seeds.rb:9
  [1m[36mMeal Create (0.4ms)[0m  [1m[32mINSERT INTO "meals" ("name", "ingredients", "prep", "cooktime", "calories", "created_at", "updated_at") VALUES ($1, $2, $3, $4, $5, $6, $7) RETURNING "id"[0m  [["name", "Rice and beans"], ["ingredients", "Brown rice, black beans, salt, pepper, cayanne, garlic powder"], ["prep", 5], ["cooktime", 30], ["calories", 200], ["created_at", "2019-02-27 16:26:45.351227"], ["updated_at", "2019-02-27 16:26:45.351227"]]
  ↳ db/seeds.rb:9
  [1m[35m (0.4ms)[0m  [1m[35mCOMMIT[0m
  ↳ db/seeds.rb:9
  [1m[35m (1.0ms)[0m  [1m[34mSELECT "schema_migrations"."version" FROM "schema_migrations" ORDER BY "schema_migrations"."version" ASC[0m
  ↳ bin/rails:9
  [1m[35m (0.3ms)[0m  [1m[34mSELECT "ar_internal_metadata"."value" FROM "ar_internal_metadata" WHERE "ar_internal_metadata"."key" = $1[0m  [["key", "environment"]]
  ↳ bin/rails:9
  [1m[35m (0.2ms)[0m  [1m[34mSELECT "schema_migrations"."version" FROM "schema_migrations" ORDER BY "schema_migrations"."version" ASC[0m
  ↳ bin/rails:9
  [1m[35m (0.1ms)[0m  [1m[34mSELECT "ar_internal_metadata"."value" FROM "ar_internal_metadata" WHERE "ar_internal_metadata"."key" = $1[0m  [["key", "environment"]]
  ↳ bin/rails:9
  [1m[35m (0.2ms)[0m  [1m[34mSELECT "schema_migrations"."version" FROM "schema_migrations" ORDER BY "schema_migrations"."version" ASC[0m
  ↳ bin/rails:9
  [1m[35m (0.1ms)[0m  [1m[34mSELECT "ar_internal_metadata"."value" FROM "ar_internal_metadata" WHERE "ar_internal_metadata"."key" = $1[0m  [["key", "environment"]]
  ↳ bin/rails:9
  [1m[35m (240.4ms)[0m  [1m[35mDROP DATABASE IF EXISTS "body_shift_development"[0m
  ↳ bin/rails:9
  [1m[35m (213.6ms)[0m  [1m[35mDROP DATABASE IF EXISTS "body_shift_test"[0m
  ↳ bin/rails:9
  [1m[35m (465.7ms)[0m  [1m[35mCREATE DATABASE "body_shift_development" ENCODING = 'unicode'[0m
  ↳ bin/rails:9
  [1m[35m (433.7ms)[0m  [1m[35mCREATE DATABASE "body_shift_test" ENCODING = 'unicode'[0m
  ↳ bin/rails:9
  [1m[35m (69.1ms)[0m  [1m[35mCREATE TABLE "schema_migrations" ("version" character varying NOT NULL PRIMARY KEY)[0m
  ↳ bin/rails:9
  [1m[35m (5.1ms)[0m  [1m[35mCREATE TABLE "ar_internal_metadata" ("key" character varying NOT NULL PRIMARY KEY, "value" character varying, "created_at" timestamp NOT NULL, "updated_at" timestamp NOT NULL)[0m
  ↳ bin/rails:9
  [1m[35m (0.8ms)[0m  [1m[34mSELECT pg_try_advisory_lock(8147461039088795445)[0m
  ↳ bin/rails:9
  [1m[35m (0.9ms)[0m  [1m[34mSELECT "schema_migrations"."version" FROM "schema_migrations" ORDER BY "schema_migrations"."version" ASC[0m
  ↳ bin/rails:9
Migrating to CreateUsers (20190226204132)
  [1m[35m (0.2ms)[0m  [1m[35mBEGIN[0m
  ↳ bin/rails:9
  [1m[35m (7.9ms)[0m  [1m[35mCREATE TABLE "users" ("id" bigserial primary key, "name" character varying, "email" character varying, "created_at" timestamp NOT NULL, "updated_at" timestamp NOT NULL)[0m
  ↳ db/migrate/20190226204132_create_users.rb:3
  [1m[36mActiveRecord::SchemaMigration Create (0.3ms)[0m  [1m[32mINSERT INTO "schema_migrations" ("version") VALUES ($1) RETURNING "version"[0m  [["version", "20190226204132"]]
  ↳ bin/rails:9
  [1m[35m (0.5ms)[0m  [1m[35mCOMMIT[0m
  ↳ bin/rails:9
Migrating to AddIndexToUsers (20190226205022)
  [1m[35m (0.3ms)[0m  [1m[35mBEGIN[0m
  ↳ bin/rails:9
  [1m[35m (1.2ms)[0m  [1m[35mCREATE UNIQUE INDEX  "index_users_on_email" ON "users"  ("email")[0m
  ↳ db/migrate/20190226205022_add_index_to_users.rb:3
  [1m[36mActiveRecord::SchemaMigration Create (0.4ms)[0m  [1m[32mINSERT INTO "schema_migrations" ("version") VALUES ($1) RETURNING "version"[0m  [["version", "20190226205022"]]
  ↳ bin/rails:9
  [1m[35m (0.4ms)[0m  [1m[35mCOMMIT[0m
  ↳ bin/rails:9
Migrating to AddPasswordDigestToUsers (20190226205434)
  [1m[35m (0.2ms)[0m  [1m[35mBEGIN[0m
  ↳ bin/rails:9
  [1m[35m (0.6ms)[0m  [1m[35mALTER TABLE "users" ADD "password_digest" character varying[0m
  ↳ db/migrate/20190226205434_add_password_digest_to_users.rb:3
  [1m[36mActiveRecord::SchemaMigration Create (0.2ms)[0m  [1m[32mINSERT INTO "schema_migrations" ("version") VALUES ($1) RETURNING "version"[0m  [["version", "20190226205434"]]
  ↳ bin/rails:9
  [1m[35m (0.4ms)[0m  [1m[35mCOMMIT[0m
  ↳ bin/rails:9
Migrating to CreateMeals (20190226211701)
  [1m[35m (0.1ms)[0m  [1m[35mBEGIN[0m
  ↳ bin/rails:9
  [1m[35m (8.5ms)[0m  [1m[35mCREATE TABLE "meals" ("id" bigserial primary key, "name" character varying, "ingredients" text, "prep" integer, "cooktime" integer, "calories" integer, "created_at" timestamp NOT NULL, "updated_at" timestamp NOT NULL)[0m
  ↳ db/migrate/20190226211701_create_meals.rb:3
  [1m[36mActiveRecord::SchemaMigration Create (0.2ms)[0m  [1m[32mINSERT INTO "schema_migrations" ("version") VALUES ($1) RETURNING "version"[0m  [["version", "20190226211701"]]
  ↳ bin/rails:9
  [1m[35m (0.4ms)[0m  [1m[35mCOMMIT[0m
  ↳ bin/rails:9
Migrating to CreateWorkouts (20190226212144)
  [1m[35m (0.4ms)[0m  [1m[35mBEGIN[0m
  ↳ bin/rails:9
  [1m[35m (5.5ms)[0m  [1m[35mCREATE TABLE "workouts" ("id" bigserial primary key, "activity" character varying, "description" text, "duration" integer, "created_at" timestamp NOT NULL, "updated_at" timestamp NOT NULL)[0m
  ↳ db/migrate/20190226212144_create_workouts.rb:3
  [1m[36mActiveRecord::SchemaMigration Create (0.3ms)[0m  [1m[32mINSERT INTO "schema_migrations" ("version") VALUES ($1) RETURNING "version"[0m  [["version", "20190226212144"]]
  ↳ bin/rails:9
  [1m[35m (0.5ms)[0m  [1m[35mCOMMIT[0m
  ↳ bin/rails:9
  [1m[36mActiveRecord::InternalMetadata Load (0.4ms)[0m  [1m[34mSELECT  "ar_internal_metadata".* FROM "ar_internal_metadata" WHERE "ar_internal_metadata"."key" = $1 LIMIT $2[0m  [["key", "environment"], ["LIMIT", 1]]
  ↳ bin/rails:9
  [1m[35m (0.1ms)[0m  [1m[35mBEGIN[0m
  ↳ bin/rails:9
  [1m[36mActiveRecord::InternalMetadata Create (0.3ms)[0m  [1m[32mINSERT INTO "ar_internal_metadata" ("key", "value", "created_at", "updated_at") VALUES ($1, $2, $3, $4) RETURNING "key"[0m  [["key", "environment"], ["value", "development"], ["created_at", "2019-02-27 16:33:16.917357"], ["updated_at", "2019-02-27 16:33:16.917357"]]
  ↳ bin/rails:9
  [1m[35m (0.5ms)[0m  [1m[35mCOMMIT[0m
  ↳ bin/rails:9
  [1m[35m (0.2ms)[0m  [1m[34mSELECT pg_advisory_unlock(8147461039088795445)[0m
  ↳ bin/rails:9
  [1m[35m (0.2ms)[0m  [1m[34mSELECT "schema_migrations"."version" FROM "schema_migrations" ORDER BY "schema_migrations"."version" ASC[0m
  ↳ bin/rails:9
  [1m[35m (0.6ms)[0m  [1m[34mSELECT "schema_migrations"."version" FROM "schema_migrations" ORDER BY "schema_migrations"."version" ASC[0m
  ↳ bin/rails:9
  [1m[35m (0.1ms)[0m  [1m[35mBEGIN[0m
  ↳ db/seeds.rb:9
  [1m[36mMeal Create (1.1ms)[0m  [1m[32mINSERT INTO "meals" ("name", "ingredients", "prep", "cooktime", "calories", "created_at", "updated_at") VALUES ($1, $2, $3, $4, $5, $6, $7) RETURNING "id"[0m  [["name", "Roasted Carrots"], ["ingredients", "Carrots, Olive oil, salt"], ["prep", 10], ["cooktime", 20], ["calories", 50], ["created_at", "2019-02-27 16:33:37.646680"], ["updated_at", "2019-02-27 16:33:37.646680"]]
  ↳ db/seeds.rb:9
  [1m[35m (0.4ms)[0m  [1m[35mCOMMIT[0m
  ↳ db/seeds.rb:9
  [1m[35m (0.1ms)[0m  [1m[35mBEGIN[0m
  ↳ db/seeds.rb:9
  [1m[36mMeal Create (0.3ms)[0m  [1m[32mINSERT INTO "meals" ("name", "ingredients", "prep", "cooktime", "calories", "created_at", "updated_at") VALUES ($1, $2, $3, $4, $5, $6, $7) RETURNING "id"[0m  [["name", "Baked Salmon"], ["ingredients", "Salmon, olive oil, salt, pepper, pesto"], ["prep", 20], ["cooktime", 20], ["calories", 100], ["created_at", "2019-02-27 16:33:37.649745"], ["updated_at", "2019-02-27 16:33:37.649745"]]
  ↳ db/seeds.rb:9
  [1m[35m (0.5ms)[0m  [1m[35mCOMMIT[0m
  ↳ db/seeds.rb:9
  [1m[35m (0.1ms)[0m  [1m[35mBEGIN[0m
  ↳ db/seeds.rb:9
  [1m[36mMeal Create (0.2ms)[0m  [1m[32mINSERT INTO "meals" ("name", "ingredients", "prep", "cooktime", "calories", "created_at", "updated_at") VALUES ($1, $2, $3, $4, $5, $6, $7) RETURNING "id"[0m  [["name", "Israesli Salad"], ["ingredients", "Cucumber, tomato, red onion, salt, pepper, olive oil"], ["prep", 15], ["cooktime", 0], ["calories", 50], ["created_at", "2019-02-27 16:33:37.652422"], ["updated_at", "2019-02-27 16:33:37.652422"]]
  ↳ db/seeds.rb:9
  [1m[35m (0.4ms)[0m  [1m[35mCOMMIT[0m
  ↳ db/seeds.rb:9
  [1m[35m (0.1ms)[0m  [1m[35mBEGIN[0m
  ↳ db/seeds.rb:9
  [1m[36mMeal Create (0.2ms)[0m  [1m[32mINSERT INTO "meals" ("name", "ingredients", "prep", "cooktime", "calories", "created_at", "updated_at") VALUES ($1, $2, $3, $4, $5, $6, $7) RETURNING "id"[0m  [["name", "Rice and beans"], ["ingredients", "Brown rice, black beans, salt, pepper, cayanne, garlic powder"], ["prep", 5], ["cooktime", 30], ["calories", 200], ["created_at", "2019-02-27 16:33:37.654243"], ["updated_at", "2019-02-27 16:33:37.654243"]]
  ↳ db/seeds.rb:9
  [1m[35m (0.3ms)[0m  [1m[35mCOMMIT[0m
  ↳ db/seeds.rb:9
  [1m[35m (0.1ms)[0m  [1m[35mBEGIN[0m
  ↳ db/seeds.rb:16
  [1m[36mWorkout Create (0.9ms)[0m  [1m[32mINSERT INTO "workouts" ("activity", "description", "duration", "created_at", "updated_at") VALUES ($1, $2, $3, $4, $5) RETURNING "id"[0m  [["activity", "3 mile run"], ["description", "Fast tempo run to bring up heart rate and work on speed"], ["duration", 20], ["created_at", "2019-02-27 16:33:37.663720"], ["updated_at", "2019-02-27 16:33:37.663720"]]
  ↳ db/seeds.rb:16
  [1m[35m (0.5ms)[0m  [1m[35mCOMMIT[0m
  ↳ db/seeds.rb:16
  [1m[35m (0.1ms)[0m  [1m[35mBEGIN[0m
  ↳ db/seeds.rb:16
  [1m[36mWorkout Create (0.3ms)[0m  [1m[32mINSERT INTO "workouts" ("activity", "description", "duration", "created_at", "updated_at") VALUES ($1, $2, $3, $4, $5) RETURNING "id"[0m  [["activity", "Bench press"], ["description", "Hit max weight of 50 on each arm with dumbells"], ["duration", 15], ["created_at", "2019-02-27 16:33:37.666542"], ["updated_at", "2019-02-27 16:33:37.666542"]]
  ↳ db/seeds.rb:16
  [1m[35m (0.4ms)[0m  [1m[35mCOMMIT[0m
  ↳ db/seeds.rb:16
  [1m[35m (0.1ms)[0m  [1m[35mBEGIN[0m
  ↳ db/seeds.rb:16
  [1m[36mWorkout Create (0.2ms)[0m  [1m[32mINSERT INTO "workouts" ("activity", "description", "duration", "created_at", "updated_at") VALUES ($1, $2, $3, $4, $5) RETURNING "id"[0m  [["activity", "20 minute erg"], ["description", "Erged for 20 minutes consistantly at 18"], ["duration", 20], ["created_at", "2019-02-27 16:33:37.668778"], ["updated_at", "2019-02-27 16:33:37.668778"]]
  ↳ db/seeds.rb:16
  [1m[35m (0.4ms)[0m  [1m[35mCOMMIT[0m
  ↳ db/seeds.rb:16
  [1m[35m (0.2ms)[0m  [1m[35mBEGIN[0m
  ↳ db/seeds.rb:16
  [1m[36mWorkout Create (0.2ms)[0m  [1m[32mINSERT INTO "workouts" ("activity", "description", "duration", "created_at", "updated_at") VALUES ($1, $2, $3, $4, $5) RETURNING "id"[0m  [["activity", "Squats"], ["description", "Max weight 100lbs"], ["duration", 20], ["created_at", "2019-02-27 16:33:37.670965"], ["updated_at", "2019-02-27 16:33:37.670965"]]
  ↳ db/seeds.rb:16
  [1m[35m (0.4ms)[0m  [1m[35mCOMMIT[0m
  ↳ db/seeds.rb:16
Started GET "/meals" for 127.0.0.1 at 2019-02-27 11:33:59 -0500
  [1m[35m (0.5ms)[0m  [1m[34mSELECT "schema_migrations"."version" FROM "schema_migrations" ORDER BY "schema_migrations"."version" ASC[0m
  ↳ /Library/Ruby/Gems/2.3.0/gems/activerecord-5.2.2/lib/active_record/log_subscriber.rb:98
Processing by MealsController#index as HTML
  [1m[36mMeal Load (0.5ms)[0m  [1m[34mSELECT "meals".* FROM "meals"[0m
  ↳ app/controllers/meals_controller.rb:4
Completed 200 OK in 23ms (Views: 16.2ms | ActiveRecord: 4.5ms)


Started GET "/workouts" for 127.0.0.1 at 2019-02-27 11:34:04 -0500
  
SyntaxError (/Users/charlie/ga/project_4/body_shift/app/controllers/workouts_controller.rb:51: syntax error, unexpected ',', expecting keyword_end
    render json; {message: "internal server error"}, status: 500
                                                    ^):
  
app/controllers/workouts_controller.rb:51: syntax error, unexpected ',', expecting keyword_end
Started GET "/workouts" for 127.0.0.1 at 2019-02-27 11:34:33 -0500
Processing by WorkoutsController#index as HTML
  [1m[36mWorkout Load (0.5ms)[0m  [1m[34mSELECT "workouts".* FROM "workouts"[0m
  ↳ app/controllers/workouts_controller.rb:4
Completed 200 OK in 13ms (Views: 6.4ms | ActiveRecord: 3.7ms)


Started GET "/workouts/" for 127.0.0.1 at 2019-02-27 11:34:54 -0500
Processing by WorkoutsController#index as */*
  Parameters: {"name"=>"Test", "ingredients"=>"Test", "prep"=>50, "cooktime"=>30, "calories"=>200, "workout"=>{}}
  [1m[36mWorkout Load (0.6ms)[0m  [1m[34mSELECT "workouts".* FROM "workouts"[0m
  ↳ app/controllers/workouts_controller.rb:4
Completed 200 OK in 3ms (Views: 2.1ms | ActiveRecord: 0.6ms)


Started POST "/workouts/" for 127.0.0.1 at 2019-02-27 11:35:45 -0500
Processing by WorkoutsController#create as */*
  Parameters: {"activity"=>"Some shiiiiiiiit", "description"=>"Test test test", "duration"=>40, "workout"=>{"activity"=>"Some shiiiiiiiit", "description"=>"Test test test", "duration"=>40}}
  [1m[35m (0.2ms)[0m  [1m[35mBEGIN[0m
  ↳ app/controllers/workouts_controller.rb:20
  [1m[36mWorkout Create (2.1ms)[0m  [1m[32mINSERT INTO "workouts" ("activity", "description", "duration", "created_at", "updated_at") VALUES ($1, $2, $3, $4, $5) RETURNING "id"[0m  [["activity", "Some shiiiiiiiit"], ["description", "Test test test"], ["duration", 40], ["created_at", "2019-02-27 16:35:45.769412"], ["updated_at", "2019-02-27 16:35:45.769412"]]
  ↳ app/controllers/workouts_controller.rb:20
  [1m[35m (0.8ms)[0m  [1m[35mCOMMIT[0m
  ↳ app/controllers/workouts_controller.rb:20
Completed 201 Created in 7ms (Views: 0.4ms | ActiveRecord: 3.1ms)


Started PUT "/workouts/5" for 127.0.0.1 at 2019-02-27 11:36:10 -0500
Processing by WorkoutsController#update as */*
  Parameters: {"activity"=>"Test", "description"=>"Fakeeeeeee", "duration"=>30, "id"=>"5", "workout"=>{"activity"=>"Test", "description"=>"Fakeeeeeee", "duration"=>30}}
  [1m[36mWorkout Load (0.5ms)[0m  [1m[34mSELECT  "workouts".* FROM "workouts" WHERE "workouts"."id" = $1 LIMIT $2[0m  [["id", 5], ["LIMIT", 1]]
  ↳ app/controllers/workouts_controller.rb:29
Completed 500 Internal Server Error in 12ms (Views: 0.2ms | ActiveRecord: 0.9ms)


Started GET "/workouts/5" for 127.0.0.1 at 2019-02-27 11:36:21 -0500
Processing by WorkoutsController#show as */*
  Parameters: {"activity"=>"Test", "description"=>"Fakeeeeeee", "duration"=>30, "id"=>"5", "workout"=>{"activity"=>"Test", "description"=>"Fakeeeeeee", "duration"=>30}}
  [1m[36mWorkout Load (0.6ms)[0m  [1m[34mSELECT  "workouts".* FROM "workouts" WHERE "workouts"."id" = $1 LIMIT $2[0m  [["id", 5], ["LIMIT", 1]]
  ↳ app/controllers/workouts_controller.rb:9
Completed 200 OK in 2ms (Views: 0.5ms | ActiveRecord: 0.6ms)


Started PUT "/workouts/5" for 127.0.0.1 at 2019-02-27 11:36:32 -0500
Processing by WorkoutsController#update as */*
  Parameters: {"activity"=>"Test", "description"=>"Fakeeeeeee", "duration"=>30, "id"=>"5", "workout"=>{"activity"=>"Test", "description"=>"Fakeeeeeee", "duration"=>30}}
  [1m[36mWorkout Load (1.1ms)[0m  [1m[34mSELECT  "workouts".* FROM "workouts" WHERE "workouts"."id" = $1 LIMIT $2[0m  [["id", 5], ["LIMIT", 1]]
  ↳ app/controllers/workouts_controller.rb:29
Completed 500 Internal Server Error in 3ms (Views: 0.2ms | ActiveRecord: 1.1ms)


Started GET "/workouts/" for 127.0.0.1 at 2019-02-27 11:36:44 -0500
Processing by WorkoutsController#index as */*
  Parameters: {"activity"=>"Test", "description"=>"Fakeeeeeee", "duration"=>30, "workout"=>{"activity"=>"Test", "description"=>"Fakeeeeeee", "duration"=>30}}
  [1m[36mWorkout Load (0.9ms)[0m  [1m[34mSELECT "workouts".* FROM "workouts"[0m
  ↳ app/controllers/workouts_controller.rb:4
Completed 200 OK in 3ms (Views: 2.1ms | ActiveRecord: 0.9ms)


Started GET "/workouts" for 127.0.0.1 at 2019-02-27 11:37:12 -0500
Processing by WorkoutsController#index as HTML
  [1m[36mWorkout Load (0.4ms)[0m  [1m[34mSELECT "workouts".* FROM "workouts"[0m
  ↳ app/controllers/workouts_controller.rb:4
Completed 200 OK in 3ms (Views: 2.1ms | ActiveRecord: 0.4ms)


Started PUT "/workouts/" for 127.0.0.1 at 2019-02-27 11:37:35 -0500
  
ActionController::RoutingError (No route matches [PUT] "/workouts"):
  
actionpack (5.2.2) lib/action_dispatch/middleware/debug_exceptions.rb:65:in `call'
actionpack (5.2.2) lib/action_dispatch/middleware/show_exceptions.rb:33:in `call'
railties (5.2.2) lib/rails/rack/logger.rb:38:in `call_app'
railties (5.2.2) lib/rails/rack/logger.rb:26:in `block in call'
activesupport (5.2.2) lib/active_support/tagged_logging.rb:71:in `block in tagged'
activesupport (5.2.2) lib/active_support/tagged_logging.rb:28:in `tagged'
activesupport (5.2.2) lib/active_support/tagged_logging.rb:71:in `tagged'
railties (5.2.2) lib/rails/rack/logger.rb:26:in `call'
actionpack (5.2.2) lib/action_dispatch/middleware/remote_ip.rb:81:in `call'
actionpack (5.2.2) lib/action_dispatch/middleware/request_id.rb:27:in `call'
rack (2.0.6) lib/rack/runtime.rb:22:in `call'
activesupport (5.2.2) lib/active_support/cache/strategy/local_cache_middleware.rb:29:in `call'
actionpack (5.2.2) lib/action_dispatch/middleware/executor.rb:14:in `call'
actionpack (5.2.2) lib/action_dispatch/middleware/static.rb:127:in `call'
rack (2.0.6) lib/rack/sendfile.rb:111:in `call'
railties (5.2.2) lib/rails/engine.rb:524:in `call'
puma (3.12.0) lib/puma/configuration.rb:225:in `call'
puma (3.12.0) lib/puma/server.rb:658:in `handle_request'
puma (3.12.0) lib/puma/server.rb:472:in `process_client'
puma (3.12.0) lib/puma/server.rb:332:in `block in run'
puma (3.12.0) lib/puma/thread_pool.rb:133:in `block in spawn_thread'
Started PUT "/workouts/5" for 127.0.0.1 at 2019-02-27 11:37:45 -0500
Processing by WorkoutsController#update as */*
  Parameters: {"activity"=>"Test", "description"=>"Fakeeeeeee", "duration"=>30, "id"=>"5", "workout"=>{"activity"=>"Test", "description"=>"Fakeeeeeee", "duration"=>30}}
  [1m[36mWorkout Load (0.8ms)[0m  [1m[34mSELECT  "workouts".* FROM "workouts" WHERE "workouts"."id" = $1 LIMIT $2[0m  [["id", 5], ["LIMIT", 1]]
  ↳ app/controllers/workouts_controller.rb:29
Completed 500 Internal Server Error in 3ms (Views: 0.2ms | ActiveRecord: 0.8ms)


Started PUT "/workouts/5" for 127.0.0.1 at 2019-02-27 11:38:29 -0500
Processing by WorkoutsController#update as */*
  Parameters: {"activity"=>"Test", "description"=>"Fakeeeeeee", "duration"=>30, "id"=>"5", "workout"=>{"activity"=>"Test", "description"=>"Fakeeeeeee", "duration"=>30}}
  [1m[36mWorkout Load (2.4ms)[0m  [1m[34mSELECT  "workouts".* FROM "workouts" WHERE "workouts"."id" = $1 LIMIT $2[0m  [["id", 5], ["LIMIT", 1]]
  ↳ app/controllers/workouts_controller.rb:29
  [1m[35m (0.2ms)[0m  [1m[35mBEGIN[0m
  ↳ app/controllers/workouts_controller.rb:30
  [1m[36mWorkout Update (1.9ms)[0m  [1m[33mUPDATE "workouts" SET "activity" = $1, "description" = $2, "duration" = $3, "updated_at" = $4 WHERE "workouts"."id" = $5[0m  [["activity", "Test"], ["description", "Fakeeeeeee"], ["duration", 30], ["updated_at", "2019-02-27 16:38:29.282987"], ["id", 5]]
  ↳ app/controllers/workouts_controller.rb:30
  [1m[35m (0.8ms)[0m  [1m[35mCOMMIT[0m
  ↳ app/controllers/workouts_controller.rb:30
Completed 200 OK in 20ms (Views: 0.5ms | ActiveRecord: 9.3ms)


Started GET "/workouts" for 127.0.0.1 at 2019-02-27 11:39:20 -0500
Processing by WorkoutsController#index as HTML
  [1m[36mWorkout Load (0.7ms)[0m  [1m[34mSELECT "workouts".* FROM "workouts"[0m
  ↳ app/controllers/workouts_controller.rb:4
Completed 200 OK in 4ms (Views: 3.2ms | ActiveRecord: 0.7ms)


Started DELETE "/workouts/5" for 127.0.0.1 at 2019-02-27 11:39:32 -0500
Processing by WorkoutsController#destroy as */*
  Parameters: {"activity"=>"Test", "description"=>"Fakeeeeeee", "duration"=>30, "id"=>"5", "workout"=>{"activity"=>"Test", "description"=>"Fakeeeeeee", "duration"=>30}}
  [1m[36mWorkout Load (6.9ms)[0m  [1m[34mSELECT  "workouts".* FROM "workouts" WHERE "workouts"."id" = $1 LIMIT $2[0m  [["id", 5], ["LIMIT", 1]]
  ↳ app/controllers/workouts_controller.rb:40
  [1m[35m (0.2ms)[0m  [1m[35mBEGIN[0m
  ↳ app/controllers/workouts_controller.rb:40
  [1m[36mWorkout Destroy (1.0ms)[0m  [1m[31mDELETE FROM "workouts" WHERE "workouts"."id" = $1[0m  [["id", 5]]
  ↳ app/controllers/workouts_controller.rb:40
  [1m[35m (8.7ms)[0m  [1m[35mCOMMIT[0m
  ↳ app/controllers/workouts_controller.rb:40
Completed 200 OK in 27ms (Views: 0.1ms | ActiveRecord: 16.8ms)


Started GET "/workouts" for 127.0.0.1 at 2019-02-27 11:39:36 -0500
Processing by WorkoutsController#index as HTML
  [1m[36mWorkout Load (0.5ms)[0m  [1m[34mSELECT "workouts".* FROM "workouts"[0m
  ↳ app/controllers/workouts_controller.rb:4
Completed 200 OK in 3ms (Views: 1.8ms | ActiveRecord: 0.5ms)


Started GET "/meals" for 127.0.0.1 at 2019-02-27 11:39:40 -0500
Processing by MealsController#index as HTML
  [1m[36mMeal Load (0.3ms)[0m  [1m[34mSELECT "meals".* FROM "meals"[0m
  ↳ app/controllers/meals_controller.rb:4
Completed 200 OK in 14ms (Views: 8.9ms | ActiveRecord: 3.7ms)


